-- The C compiler identification is GNU 11.4.0
-- The CXX compiler identification is GNU 11.4.0
-- Detecting C compiler ABI info
-- Detecting C compiler ABI info - done
-- Check for working C compiler: /usr/bin/cc - skipped
-- Detecting C compile features
-- Detecting C compile features - done
-- Detecting CXX compiler ABI info
-- Detecting CXX compiler ABI info - done
-- Check for working CXX compiler: /usr/bin/c++ - skipped
-- Detecting CXX compile features
-- Detecting CXX compile features - done
-- Found ament_cmake: 1.3.12 (/opt/ros/humble/share/ament_cmake/cmake)
-- Found Python3: /usr/bin/python3 (found version "3.10.12") found components: Interpreter 
-- Override CMake install command with custom implementation using symlinks instead of copying resources
-- Configuring done
-- Generating done
-- Build files have been written to: /home/cambitzero/XeTuHanh/Smart-Wheelchair/build/smart_wheelchair_navigation
-- Install configuration: ""
-- Execute custom install script
-- Symlinking: /home/cambitzero/XeTuHanh/Smart-Wheelchair/install/smart_wheelchair_navigation/share/smart_wheelchair_navigation/config/mapper_params_online_async.yaml
-- Symlinking: /home/cambitzero/XeTuHanh/Smart-Wheelchair/install/smart_wheelchair_navigation/share/smart_wheelchair_navigation/config/nav2_params.yaml
-- Symlinking: /home/cambitzero/XeTuHanh/Smart-Wheelchair/install/smart_wheelchair_navigation/share/smart_wheelchair_navigation/launch/navigation.launch.py
-- Symlinking: /home/cambitzero/XeTuHanh/Smart-Wheelchair/install/smart_wheelchair_navigation/share/smart_wheelchair_navigation/launch/slam.launch.py
-- Symlinking: /home/cambitzero/XeTuHanh/Smart-Wheelchair/install/smart_wheelchair_navigation/share/smart_wheelchair_navigation/maps/hospital_map.pgm
-- Symlinking: /home/cambitzero/XeTuHanh/Smart-Wheelchair/install/smart_wheelchair_navigation/share/smart_wheelchair_navigation/maps/hospital_map.yaml
-- Symlinking: /home/cambitzero/XeTuHanh/Smart-Wheelchair/install/smart_wheelchair_navigation/share/ament_index/resource_index/package_run_dependencies/smart_wheelchair_navigation
-- Symlinking: /home/cambitzero/XeTuHanh/Smart-Wheelchair/install/smart_wheelchair_navigation/share/ament_index/resource_index/parent_prefix_path/smart_wheelchair_navigation
-- Symlinking: /home/cambitzero/XeTuHanh/Smart-Wheelchair/install/smart_wheelchair_navigation/share/smart_wheelchair_navigation/environment/ament_prefix_path.sh
-- Symlinking: /home/cambitzero/XeTuHanh/Smart-Wheelchair/install/smart_wheelchair_navigation/share/smart_wheelchair_navigation/environment/ament_prefix_path.dsv
-- Symlinking: /home/cambitzero/XeTuHanh/Smart-Wheelchair/install/smart_wheelchair_navigation/share/smart_wheelchair_navigation/environment/path.sh
-- Symlinking: /home/cambitzero/XeTuHanh/Smart-Wheelchair/install/smart_wheelchair_navigation/share/smart_wheelchair_navigation/environment/path.dsv
-- Symlinking: /home/cambitzero/XeTuHanh/Smart-Wheelchair/install/smart_wheelchair_navigation/share/smart_wheelchair_navigation/local_setup.bash
-- Symlinking: /home/cambitzero/XeTuHanh/Smart-Wheelchair/install/smart_wheelchair_navigation/share/smart_wheelchair_navigation/local_setup.sh
-- Symlinking: /home/cambitzero/XeTuHanh/Smart-Wheelchair/install/smart_wheelchair_navigation/share/smart_wheelchair_navigation/local_setup.zsh
-- Symlinking: /home/cambitzero/XeTuHanh/Smart-Wheelchair/install/smart_wheelchair_navigation/share/smart_wheelchair_navigation/local_setup.dsv
-- Symlinking: /home/cambitzero/XeTuHanh/Smart-Wheelchair/install/smart_wheelchair_navigation/share/smart_wheelchair_navigation/package.dsv
-- Symlinking: /home/cambitzero/XeTuHanh/Smart-Wheelchair/install/smart_wheelchair_navigation/share/ament_index/resource_index/packages/smart_wheelchair_navigation
-- Symlinking: /home/cambitzero/XeTuHanh/Smart-Wheelchair/install/smart_wheelchair_navigation/share/smart_wheelchair_navigation/cmake/smart_wheelchair_navigationConfig.cmake
-- Symlinking: /home/cambitzero/XeTuHanh/Smart-Wheelchair/install/smart_wheelchair_navigation/share/smart_wheelchair_navigation/cmake/smart_wheelchair_navigationConfig-version.cmake
-- Symlinking: /home/cambitzero/XeTuHanh/Smart-Wheelchair/install/smart_wheelchair_navigation/share/smart_wheelchair_navigation/package.xml
