[0.067s] Invoking command in '/home/cambitzero/wheelchair_ws/build/smart_wheelchair_navigation': AMENT_PREFIX_PATH=/home/cambitzero/wheelchair_ws/install/smart_wheelchair_description:${AMENT_PREFIX_PATH} CMAKE_PREFIX_PATH=/home/cambitzero/wheelchair_ws/install/smart_wheelchair_description:/opt/ros/humble /usr/bin/cmake --build /home/cambitzero/wheelchair_ws/build/smart_wheelchair_navigation -- -j6 -l6
[0.286s] Invoked command in '/home/cambitzero/wheelchair_ws/build/smart_wheelchair_navigation' returned '0': AMENT_PREFIX_PATH=/home/cambitzero/wheelchair_ws/install/smart_wheelchair_description:${AMENT_PREFIX_PATH} CMAKE_PREFIX_PATH=/home/cambitzero/wheelchair_ws/install/smart_wheelchair_description:/opt/ros/humble /usr/bin/cmake --build /home/cambitzero/wheelchair_ws/build/smart_wheelchair_navigation -- -j6 -l6
[0.290s] Invoking command in '/home/cambitzero/wheelchair_ws/build/smart_wheelchair_navigation': AMENT_PREFIX_PATH=/home/cambitzero/wheelchair_ws/install/smart_wheelchair_description:${AMENT_PREFIX_PATH} CMAKE_PREFIX_PATH=/home/cambitzero/wheelchair_ws/install/smart_wheelchair_description:/opt/ros/humble /usr/bin/cmake --install /home/cambitzero/wheelchair_ws/build/smart_wheelchair_navigation
[0.322s] -- Install configuration: ""
[0.323s] -- Execute custom install script
[0.323s] -- Up-to-date symlink: /home/cambitzero/wheelchair_ws/install/smart_wheelchair_navigation/share/smart_wheelchair_navigation/config/mapper_params_online_async.yaml
[0.324s] -- Up-to-date symlink: /home/cambitzero/wheelchair_ws/install/smart_wheelchair_navigation/share/smart_wheelchair_navigation/config/nav2_params.yaml
[0.324s] -- Up-to-date symlink: /home/cambitzero/wheelchair_ws/install/smart_wheelchair_navigation/share/smart_wheelchair_navigation/launch/navigation.launch.py
[0.324s] -- Up-to-date symlink: /home/cambitzero/wheelchair_ws/install/smart_wheelchair_navigation/share/smart_wheelchair_navigation/launch/slam.launch.py
[0.324s] -- Up-to-date symlink: /home/cambitzero/wheelchair_ws/install/smart_wheelchair_navigation/share/ament_index/resource_index/package_run_dependencies/smart_wheelchair_navigation
[0.325s] -- Up-to-date symlink: /home/cambitzero/wheelchair_ws/install/smart_wheelchair_navigation/share/ament_index/resource_index/parent_prefix_path/smart_wheelchair_navigation
[0.325s] -- Up-to-date symlink: /home/cambitzero/wheelchair_ws/install/smart_wheelchair_navigation/share/smart_wheelchair_navigation/environment/ament_prefix_path.sh
[0.325s] -- Up-to-date symlink: /home/cambitzero/wheelchair_ws/install/smart_wheelchair_navigation/share/smart_wheelchair_navigation/environment/ament_prefix_path.dsv
[0.325s] -- Up-to-date symlink: /home/cambitzero/wheelchair_ws/install/smart_wheelchair_navigation/share/smart_wheelchair_navigation/environment/path.sh
[0.325s] -- Up-to-date symlink: /home/cambitzero/wheelchair_ws/install/smart_wheelchair_navigation/share/smart_wheelchair_navigation/environment/path.dsv
[0.325s] -- Up-to-date symlink: /home/cambitzero/wheelchair_ws/install/smart_wheelchair_navigation/share/smart_wheelchair_navigation/local_setup.bash
[0.325s] -- Up-to-date symlink: /home/cambitzero/wheelchair_ws/install/smart_wheelchair_navigation/share/smart_wheelchair_navigation/local_setup.sh
[0.325s] -- Up-to-date symlink: /home/cambitzero/wheelchair_ws/install/smart_wheelchair_navigation/share/smart_wheelchair_navigation/local_setup.zsh
[0.326s] -- Up-to-date symlink: /home/cambitzero/wheelchair_ws/install/smart_wheelchair_navigation/share/smart_wheelchair_navigation/local_setup.dsv
[0.326s] -- Symlinking: /home/cambitzero/wheelchair_ws/install/smart_wheelchair_navigation/share/smart_wheelchair_navigation/package.dsv
[0.368s] -- Up-to-date symlink: /home/cambitzero/wheelchair_ws/install/smart_wheelchair_navigation/share/ament_index/resource_index/packages/smart_wheelchair_navigation
[0.368s] -- Up-to-date symlink: /home/cambitzero/wheelchair_ws/install/smart_wheelchair_navigation/share/smart_wheelchair_navigation/cmake/smart_wheelchair_navigationConfig.cmake
[0.368s] -- Up-to-date symlink: /home/cambitzero/wheelchair_ws/install/smart_wheelchair_navigation/share/smart_wheelchair_navigation/cmake/smart_wheelchair_navigationConfig-version.cmake
[0.368s] -- Up-to-date symlink: /home/cambitzero/wheelchair_ws/install/smart_wheelchair_navigation/share/smart_wheelchair_navigation/package.xml
[0.398s] Invoked command in '/home/cambitzero/wheelchair_ws/build/smart_wheelchair_navigation' returned '0': AMENT_PREFIX_PATH=/home/cambitzero/wheelchair_ws/install/smart_wheelchair_description:${AMENT_PREFIX_PATH} CMAKE_PREFIX_PATH=/home/cambitzero/wheelchair_ws/install/smart_wheelchair_description:/opt/ros/humble /usr/bin/cmake --install /home/cambitzero/wheelchair_ws/build/smart_wheelchair_navigation
