[0.018s] Invoking command in '/home/cambitzero/wheelchair_ws/build/smart_wheelchair_navigation': AMENT_PREFIX_PATH=/home/cambitzero/wheelchair_ws/install/smart_wheelchair_description:${AMENT_PREFIX_PATH} CMAKE_PREFIX_PATH=/home/cambitzero/wheelchair_ws/install/smart_wheelchair_description:/opt/ros/humble /usr/bin/cmake /home/cambitzero/wheelchair_ws/src/smart_wheelchair_navigation -DAMENT_CMAKE_SYMLINK_INSTALL=1 -DCMAKE_INSTALL_PREFIX=/home/cambitzero/wheelchair_ws/install/smart_wheelchair_navigation
[0.164s] -- The C compiler identification is GNU 11.4.0
[0.291s] -- The CXX compiler identification is GNU 11.4.0
[0.312s] -- Detecting C compiler ABI info
[0.529s] -- Detecting C compiler ABI info - done
[0.534s] -- Check for working C compiler: /usr/bin/cc - skipped
[0.535s] -- Detecting C compile features
[0.536s] -- Detecting C compile features - done
[0.539s] -- Detecting CXX compiler ABI info
[0.786s] -- Detecting CXX compiler ABI info - done
[0.799s] -- Check for working CXX compiler: /usr/bin/c++ - skipped
[0.799s] -- Detecting CXX compile features
[0.800s] -- Detecting CXX compile features - done
[0.802s] -- Found ament_cmake: 1.3.12 (/opt/ros/humble/share/ament_cmake/cmake)
[1.133s] -- Found Python3: /usr/bin/python3 (found version "3.10.12") found components: Interpreter 
[1.211s] -- Override CMake install command with custom implementation using symlinks instead of copying resources
[1.399s] -- Configuring done
[1.400s] -- Generating done
[1.402s] -- Build files have been written to: /home/cambitzero/wheelchair_ws/build/smart_wheelchair_navigation
[1.455s] Invoked command in '/home/cambitzero/wheelchair_ws/build/smart_wheelchair_navigation' returned '0': AMENT_PREFIX_PATH=/home/cambitzero/wheelchair_ws/install/smart_wheelchair_description:${AMENT_PREFIX_PATH} CMAKE_PREFIX_PATH=/home/cambitzero/wheelchair_ws/install/smart_wheelchair_description:/opt/ros/humble /usr/bin/cmake /home/cambitzero/wheelchair_ws/src/smart_wheelchair_navigation -DAMENT_CMAKE_SYMLINK_INSTALL=1 -DCMAKE_INSTALL_PREFIX=/home/cambitzero/wheelchair_ws/install/smart_wheelchair_navigation
[1.455s] Invoking command in '/home/cambitzero/wheelchair_ws/build/smart_wheelchair_navigation': AMENT_PREFIX_PATH=/home/cambitzero/wheelchair_ws/install/smart_wheelchair_description:${AMENT_PREFIX_PATH} CMAKE_PREFIX_PATH=/home/cambitzero/wheelchair_ws/install/smart_wheelchair_description:/opt/ros/humble /usr/bin/cmake --build /home/cambitzero/wheelchair_ws/build/smart_wheelchair_navigation -- -j6 -l6
[1.605s] Invoked command in '/home/cambitzero/wheelchair_ws/build/smart_wheelchair_navigation' returned '0': AMENT_PREFIX_PATH=/home/cambitzero/wheelchair_ws/install/smart_wheelchair_description:${AMENT_PREFIX_PATH} CMAKE_PREFIX_PATH=/home/cambitzero/wheelchair_ws/install/smart_wheelchair_description:/opt/ros/humble /usr/bin/cmake --build /home/cambitzero/wheelchair_ws/build/smart_wheelchair_navigation -- -j6 -l6
[1.611s] Invoking command in '/home/cambitzero/wheelchair_ws/build/smart_wheelchair_navigation': AMENT_PREFIX_PATH=/home/cambitzero/wheelchair_ws/install/smart_wheelchair_description:${AMENT_PREFIX_PATH} CMAKE_PREFIX_PATH=/home/cambitzero/wheelchair_ws/install/smart_wheelchair_description:/opt/ros/humble /usr/bin/cmake --install /home/cambitzero/wheelchair_ws/build/smart_wheelchair_navigation
[1.629s] -- Install configuration: ""
[1.635s] -- Execute custom install script
[1.635s] -- Symlinking: /home/cambitzero/wheelchair_ws/install/smart_wheelchair_navigation/share/smart_wheelchair_navigation/config/mapper_params_online_async.yaml
[1.652s] -- Symlinking: /home/cambitzero/wheelchair_ws/install/smart_wheelchair_navigation/share/smart_wheelchair_navigation/config/nav2_params.yaml
[1.661s] -- Symlinking: /home/cambitzero/wheelchair_ws/install/smart_wheelchair_navigation/share/smart_wheelchair_navigation/launch/navigation.launch.py
[1.675s] -- Symlinking: /home/cambitzero/wheelchair_ws/install/smart_wheelchair_navigation/share/smart_wheelchair_navigation/launch/slam.launch.py
[1.728s] -- Symlinking: /home/cambitzero/wheelchair_ws/install/smart_wheelchair_navigation/share/ament_index/resource_index/package_run_dependencies/smart_wheelchair_navigation
[1.792s] -- Symlinking: /home/cambitzero/wheelchair_ws/install/smart_wheelchair_navigation/share/ament_index/resource_index/parent_prefix_path/smart_wheelchair_navigation
[1.806s] -- Symlinking: /home/cambitzero/wheelchair_ws/install/smart_wheelchair_navigation/share/smart_wheelchair_navigation/environment/ament_prefix_path.sh
[1.815s] -- Symlinking: /home/cambitzero/wheelchair_ws/install/smart_wheelchair_navigation/share/smart_wheelchair_navigation/environment/ament_prefix_path.dsv
[1.829s] -- Symlinking: /home/cambitzero/wheelchair_ws/install/smart_wheelchair_navigation/share/smart_wheelchair_navigation/environment/path.sh
[1.848s] -- Symlinking: /home/cambitzero/wheelchair_ws/install/smart_wheelchair_navigation/share/smart_wheelchair_navigation/environment/path.dsv
[1.870s] -- Symlinking: /home/cambitzero/wheelchair_ws/install/smart_wheelchair_navigation/share/smart_wheelchair_navigation/local_setup.bash
[1.922s] -- Symlinking: /home/cambitzero/wheelchair_ws/install/smart_wheelchair_navigation/share/smart_wheelchair_navigation/local_setup.sh
[1.940s] -- Symlinking: /home/cambitzero/wheelchair_ws/install/smart_wheelchair_navigation/share/smart_wheelchair_navigation/local_setup.zsh
[1.951s] -- Symlinking: /home/cambitzero/wheelchair_ws/install/smart_wheelchair_navigation/share/smart_wheelchair_navigation/local_setup.dsv
[1.967s] -- Symlinking: /home/cambitzero/wheelchair_ws/install/smart_wheelchair_navigation/share/smart_wheelchair_navigation/package.dsv
[2.006s] -- Symlinking: /home/cambitzero/wheelchair_ws/install/smart_wheelchair_navigation/share/ament_index/resource_index/packages/smart_wheelchair_navigation
[2.030s] -- Symlinking: /home/cambitzero/wheelchair_ws/install/smart_wheelchair_navigation/share/smart_wheelchair_navigation/cmake/smart_wheelchair_navigationConfig.cmake
[2.058s] -- Symlinking: /home/cambitzero/wheelchair_ws/install/smart_wheelchair_navigation/share/smart_wheelchair_navigation/cmake/smart_wheelchair_navigationConfig-version.cmake
[2.110s] -- Symlinking: /home/cambitzero/wheelchair_ws/install/smart_wheelchair_navigation/share/smart_wheelchair_navigation/package.xml
[2.130s] Invoked command in '/home/cambitzero/wheelchair_ws/build/smart_wheelchair_navigation' returned '0': AMENT_PREFIX_PATH=/home/cambitzero/wheelchair_ws/install/smart_wheelchair_description:${AMENT_PREFIX_PATH} CMAKE_PREFIX_PATH=/home/cambitzero/wheelchair_ws/install/smart_wheelchair_description:/opt/ros/humble /usr/bin/cmake --install /home/cambitzero/wheelchair_ws/build/smart_wheelchair_navigation
