-- The C compiler identification is GNU 11.4.0
-- The CXX compiler identification is GNU 11.4.0
-- Detecting C compiler ABI info
-- Detecting C compiler ABI info - done
-- Check for working C compiler: /usr/bin/cc - skipped
-- Detecting C compile features
-- Detecting C compile features - done
-- Detecting CXX compiler ABI info
-- Detecting CXX compiler ABI info - done
-- Check for working CXX compiler: /usr/bin/c++ - skipped
-- Detecting CXX compile features
-- Detecting CXX compile features - done
-- Found ament_cmake: 1.3.12 (/opt/ros/humble/share/ament_cmake/cmake)
-- Found Python3: /usr/bin/python3 (found version "3.10.12") found components: Interpreter 
-- Override CMake install command with custom implementation using symlinks instead of copying resources
-- Found urdf: 2.6.1 (/opt/ros/humble/share/urdf/cmake)
-- Found ament_lint_auto: 0.12.14 (/opt/ros/humble/share/ament_lint_auto/cmake)
-- Added test 'flake8' to check Python code syntax and style conventions
-- Added test 'lint_cmake' to check CMake code style
-- Added test 'pep257' to check Python code against some of the docstring style conventions in PEP 257
-- Added test 'xmllint' to check XML markup files
-- Configuring done
-- Generating done
-- Build files have been written to: /home/cambitzero/XeTuHanh/Smart-Wheelchair/build/smart_wheelchair_description
-- Install configuration: ""
-- Execute custom install script
-- Symlinking: /home/cambitzero/XeTuHanh/Smart-Wheelchair/install/smart_wheelchair_description/share/smart_wheelchair_description/launch/gazebo.launch.py
-- Symlinking: /home/cambitzero/XeTuHanh/Smart-Wheelchair/install/smart_wheelchair_description/share/smart_wheelchair_description/urdf/wheelchair.urdf
-- Symlinking: /home/cambitzero/XeTuHanh/Smart-Wheelchair/install/smart_wheelchair_description/share/smart_wheelchair_description/worlds/hospital.world
-- Symlinking: /home/cambitzero/XeTuHanh/Smart-Wheelchair/install/smart_wheelchair_description/share/ament_index/resource_index/package_run_dependencies/smart_wheelchair_description
-- Symlinking: /home/cambitzero/XeTuHanh/Smart-Wheelchair/install/smart_wheelchair_description/share/ament_index/resource_index/parent_prefix_path/smart_wheelchair_description
-- Symlinking: /home/cambitzero/XeTuHanh/Smart-Wheelchair/install/smart_wheelchair_description/share/smart_wheelchair_description/environment/ament_prefix_path.sh
-- Symlinking: /home/cambitzero/XeTuHanh/Smart-Wheelchair/install/smart_wheelchair_description/share/smart_wheelchair_description/environment/ament_prefix_path.dsv
-- Symlinking: /home/cambitzero/XeTuHanh/Smart-Wheelchair/install/smart_wheelchair_description/share/smart_wheelchair_description/environment/path.sh
-- Symlinking: /home/cambitzero/XeTuHanh/Smart-Wheelchair/install/smart_wheelchair_description/share/smart_wheelchair_description/environment/path.dsv
-- Symlinking: /home/cambitzero/XeTuHanh/Smart-Wheelchair/install/smart_wheelchair_description/share/smart_wheelchair_description/local_setup.bash
-- Symlinking: /home/cambitzero/XeTuHanh/Smart-Wheelchair/install/smart_wheelchair_description/share/smart_wheelchair_description/local_setup.sh
-- Symlinking: /home/cambitzero/XeTuHanh/Smart-Wheelchair/install/smart_wheelchair_description/share/smart_wheelchair_description/local_setup.zsh
-- Symlinking: /home/cambitzero/XeTuHanh/Smart-Wheelchair/install/smart_wheelchair_description/share/smart_wheelchair_description/local_setup.dsv
-- Symlinking: /home/cambitzero/XeTuHanh/Smart-Wheelchair/install/smart_wheelchair_description/share/smart_wheelchair_description/package.dsv
-- Symlinking: /home/cambitzero/XeTuHanh/Smart-Wheelchair/install/smart_wheelchair_description/share/ament_index/resource_index/packages/smart_wheelchair_description
-- Symlinking: /home/cambitzero/XeTuHanh/Smart-Wheelchair/install/smart_wheelchair_description/share/smart_wheelchair_description/cmake/smart_wheelchair_descriptionConfig.cmake
-- Symlinking: /home/cambitzero/XeTuHanh/Smart-Wheelchair/install/smart_wheelchair_description/share/smart_wheelchair_description/cmake/smart_wheelchair_descriptionConfig-version.cmake
-- Symlinking: /home/cambitzero/XeTuHanh/Smart-Wheelchair/install/smart_wheelchair_description/share/smart_wheelchair_description/package.xml
