-- Install configuration: ""
-- Execute custom install script
-- Up-to-date symlink: /home/cambitzero/XeTuHanh/Smart-Wheelchair/install/smart_wheelchair_description/share/smart_wheelchair_description/launch/gazebo.launch.py
-- Up-to-date symlink: /home/cambitzero/XeTuHanh/Smart-Wheelchair/install/smart_wheelchair_description/share/smart_wheelchair_description/urdf/wheelchair.urdf
-- Up-to-date symlink: /home/cambitzero/XeTuHanh/Smart-Wheelchair/install/smart_wheelchair_description/share/smart_wheelchair_description/worlds/hospital.world
-- Up-to-date symlink: /home/cambitzero/XeTuHanh/Smart-Wheelchair/install/smart_wheelchair_description/share/ament_index/resource_index/package_run_dependencies/smart_wheelchair_description
-- Up-to-date symlink: /home/cambitzero/XeTuHanh/Smart-Wheelchair/install/smart_wheelchair_description/share/ament_index/resource_index/parent_prefix_path/smart_wheelchair_description
-- Up-to-date symlink: /home/cambitzero/XeTuHanh/Smart-Wheelchair/install/smart_wheelchair_description/share/smart_wheelchair_description/environment/ament_prefix_path.sh
-- Up-to-date symlink: /home/cambitzero/XeTuHanh/Smart-Wheelchair/install/smart_wheelchair_description/share/smart_wheelchair_description/environment/ament_prefix_path.dsv
-- Up-to-date symlink: /home/cambitzero/XeTuHanh/Smart-Wheelchair/install/smart_wheelchair_description/share/smart_wheelchair_description/environment/path.sh
-- Up-to-date symlink: /home/cambitzero/XeTuHanh/Smart-Wheelchair/install/smart_wheelchair_description/share/smart_wheelchair_description/environment/path.dsv
-- Up-to-date symlink: /home/cambitzero/XeTuHanh/Smart-Wheelchair/install/smart_wheelchair_description/share/smart_wheelchair_description/local_setup.bash
-- Up-to-date symlink: /home/cambitzero/XeTuHanh/Smart-Wheelchair/install/smart_wheelchair_description/share/smart_wheelchair_description/local_setup.sh
-- Up-to-date symlink: /home/cambitzero/XeTuHanh/Smart-Wheelchair/install/smart_wheelchair_description/share/smart_wheelchair_description/local_setup.zsh
-- Up-to-date symlink: /home/cambitzero/XeTuHanh/Smart-Wheelchair/install/smart_wheelchair_description/share/smart_wheelchair_description/local_setup.dsv
-- Symlinking: /home/cambitzero/XeTuHanh/Smart-Wheelchair/install/smart_wheelchair_description/share/smart_wheelchair_description/package.dsv
-- Up-to-date symlink: /home/cambitzero/XeTuHanh/Smart-Wheelchair/install/smart_wheelchair_description/share/ament_index/resource_index/packages/smart_wheelchair_description
-- Up-to-date symlink: /home/cambitzero/XeTuHanh/Smart-Wheelchair/install/smart_wheelchair_description/share/smart_wheelchair_description/cmake/smart_wheelchair_descriptionConfig.cmake
-- Up-to-date symlink: /home/cambitzero/XeTuHanh/Smart-Wheelchair/install/smart_wheelchair_description/share/smart_wheelchair_description/cmake/smart_wheelchair_descriptionConfig-version.cmake
-- Up-to-date symlink: /home/cambitzero/XeTuHanh/Smart-Wheelchair/install/smart_wheelchair_description/share/smart_wheelchair_description/package.xml
