[0.473s] Invoking command in '/home/cambitzero/XeTuHanh/Smart-Wheelchair/build/smart_wheelchair_description': CMAKE_PREFIX_PATH=/opt/ros/humble /usr/bin/cmake --build /home/cambitzero/XeTuHanh/Smart-Wheelchair/build/smart_wheelchair_description -- -j4 -l4
[1.244s] Invoked command in '/home/cambitzero/XeTuHanh/Smart-Wheelchair/build/smart_wheelchair_description' returned '0': CMAKE_PREFIX_PATH=/opt/ros/humble /usr/bin/cmake --build /home/cambitzero/XeTuHanh/Smart-Wheelchair/build/smart_wheelchair_description -- -j4 -l4
[1.433s] Invoking command in '/home/cambitzero/XeTuHanh/Smart-Wheelchair/build/smart_wheelchair_description': CMAKE_PREFIX_PATH=/opt/ros/humble /usr/bin/cmake --install /home/cambitzero/XeTuHanh/Smart-Wheelchair/build/smart_wheelchair_description
[1.580s] -- Install configuration: ""
[1.586s] -- Execute custom install script
[1.591s] -- Up-to-date symlink: /home/cambitzero/XeTuHanh/Smart-Wheelchair/install/smart_wheelchair_description/share/smart_wheelchair_description/launch/gazebo.launch.py
[1.592s] -- Up-to-date symlink: /home/cambitzero/XeTuHanh/Smart-Wheelchair/install/smart_wheelchair_description/share/smart_wheelchair_description/urdf/wheelchair.urdf
[1.600s] -- Up-to-date symlink: /home/cambitzero/XeTuHanh/Smart-Wheelchair/install/smart_wheelchair_description/share/smart_wheelchair_description/worlds/hospital.world
[1.616s] -- Up-to-date symlink: /home/cambitzero/XeTuHanh/Smart-Wheelchair/install/smart_wheelchair_description/share/ament_index/resource_index/package_run_dependencies/smart_wheelchair_description
[1.616s] -- Up-to-date symlink: /home/cambitzero/XeTuHanh/Smart-Wheelchair/install/smart_wheelchair_description/share/ament_index/resource_index/parent_prefix_path/smart_wheelchair_description
[1.619s] -- Up-to-date symlink: /home/cambitzero/XeTuHanh/Smart-Wheelchair/install/smart_wheelchair_description/share/smart_wheelchair_description/environment/ament_prefix_path.sh
[1.620s] -- Up-to-date symlink: /home/cambitzero/XeTuHanh/Smart-Wheelchair/install/smart_wheelchair_description/share/smart_wheelchair_description/environment/ament_prefix_path.dsv
[1.620s] -- Up-to-date symlink: /home/cambitzero/XeTuHanh/Smart-Wheelchair/install/smart_wheelchair_description/share/smart_wheelchair_description/environment/path.sh
[1.620s] -- Up-to-date symlink: /home/cambitzero/XeTuHanh/Smart-Wheelchair/install/smart_wheelchair_description/share/smart_wheelchair_description/environment/path.dsv
[1.623s] -- Up-to-date symlink: /home/cambitzero/XeTuHanh/Smart-Wheelchair/install/smart_wheelchair_description/share/smart_wheelchair_description/local_setup.bash
[1.624s] -- Up-to-date symlink: /home/cambitzero/XeTuHanh/Smart-Wheelchair/install/smart_wheelchair_description/share/smart_wheelchair_description/local_setup.sh
[1.624s] -- Up-to-date symlink: /home/cambitzero/XeTuHanh/Smart-Wheelchair/install/smart_wheelchair_description/share/smart_wheelchair_description/local_setup.zsh
[1.629s] -- Up-to-date symlink: /home/cambitzero/XeTuHanh/Smart-Wheelchair/install/smart_wheelchair_description/share/smart_wheelchair_description/local_setup.dsv
[1.631s] -- Symlinking: /home/cambitzero/XeTuHanh/Smart-Wheelchair/install/smart_wheelchair_description/share/smart_wheelchair_description/package.dsv
[1.952s] -- Up-to-date symlink: /home/cambitzero/XeTuHanh/Smart-Wheelchair/install/smart_wheelchair_description/share/ament_index/resource_index/packages/smart_wheelchair_description
[1.952s] -- Up-to-date symlink: /home/cambitzero/XeTuHanh/Smart-Wheelchair/install/smart_wheelchair_description/share/smart_wheelchair_description/cmake/smart_wheelchair_descriptionConfig.cmake
[1.953s] -- Up-to-date symlink: /home/cambitzero/XeTuHanh/Smart-Wheelchair/install/smart_wheelchair_description/share/smart_wheelchair_description/cmake/smart_wheelchair_descriptionConfig-version.cmake
[1.953s] -- Up-to-date symlink: /home/cambitzero/XeTuHanh/Smart-Wheelchair/install/smart_wheelchair_description/share/smart_wheelchair_description/package.xml
[1.966s] Invoked command in '/home/cambitzero/XeTuHanh/Smart-Wheelchair/build/smart_wheelchair_description' returned '0': CMAKE_PREFIX_PATH=/opt/ros/humble /usr/bin/cmake --install /home/cambitzero/XeTuHanh/Smart-Wheelchair/build/smart_wheelchair_description
