[0.582s] DEBUG:colcon:Command line arguments: ['/usr/bin/colcon', 'build', '--symlink-install']
[0.582s] DEBUG:colcon:Parsed command line arguments: Namespace(log_base=None, log_level=None, verb_name='build', build_base='build', install_base='install', merge_install=False, symlink_install=True, test_result_base=None, continue_on_error=False, executor='parallel', parallel_workers=6, event_handlers=None, ignore_user_meta=False, metas=['./colcon.meta'], base_paths=['.'], packages_ignore=None, packages_ignore_regex=None, paths=None, packages_up_to=None, packages_up_to_regex=None, packages_above=None, packages_above_and_dependencies=None, packages_above_depth=None, packages_select_by_dep=None, packages_skip_by_dep=None, packages_skip_up_to=None, packages_select_build_failed=False, packages_skip_build_finished=False, packages_select_test_failures=False, packages_skip_test_passed=False, packages_select=None, packages_skip=None, packages_select_regex=None, packages_skip_regex=None, packages_start=None, packages_end=None, allow_overriding=[], cmake_args=None, cmake_target=None, cmake_target_skip_unavailable=False, cmake_clean_cache=False, cmake_clean_first=False, cmake_force_configure=False, ament_cmake_args=None, catkin_cmake_args=None, catkin_skip_building_tests=False, verb_parser=<colcon_defaults.argument_parser.defaults.DefaultArgumentsDecorator object at 0x7af9fb9d78e0>, verb_extension=<colcon_core.verb.build.BuildVerb object at 0x7af9fb9d7340>, main=<bound method BuildVerb.main of <colcon_core.verb.build.BuildVerb object at 0x7af9fb9d7340>>)
[1.338s] Level 1:colcon.colcon_core.package_discovery:discover_packages(colcon_meta) check parameters
[1.339s] Level 1:colcon.colcon_core.package_discovery:discover_packages(recursive) check parameters
[1.339s] Level 1:colcon.colcon_core.package_discovery:discover_packages(ignore) check parameters
[1.339s] Level 1:colcon.colcon_core.package_discovery:discover_packages(path) check parameters
[1.339s] Level 1:colcon.colcon_core.package_discovery:discover_packages(colcon_meta) discover
[1.339s] Level 1:colcon.colcon_core.package_discovery:discover_packages(recursive) discover
[1.339s] INFO:colcon.colcon_core.package_discovery:Crawling recursively for packages in '/home/cambitzero/wheelchair_ws'
[1.339s] Level 1:colcon.colcon_core.package_identification:_identify(.) by extensions ['ignore', 'ignore_ament_install']
[1.339s] Level 1:colcon.colcon_core.package_identification:_identify(.) by extension 'ignore'
[1.339s] Level 1:colcon.colcon_core.package_identification:_identify(.) by extension 'ignore_ament_install'
[1.339s] Level 1:colcon.colcon_core.package_identification:_identify(.) by extensions ['colcon_pkg']
[1.339s] Level 1:colcon.colcon_core.package_identification:_identify(.) by extension 'colcon_pkg'
[1.339s] Level 1:colcon.colcon_core.package_identification:_identify(.) by extensions ['colcon_meta']
[1.339s] Level 1:colcon.colcon_core.package_identification:_identify(.) by extension 'colcon_meta'
[1.339s] Level 1:colcon.colcon_core.package_identification:_identify(.) by extensions ['ros']
[1.340s] Level 1:colcon.colcon_core.package_identification:_identify(.) by extension 'ros'
[1.353s] Level 1:colcon.colcon_core.package_identification:_identify(.) by extensions ['cmake', 'python']
[1.353s] Level 1:colcon.colcon_core.package_identification:_identify(.) by extension 'cmake'
[1.354s] Level 1:colcon.colcon_core.package_identification:_identify(.) by extension 'python'
[1.354s] Level 1:colcon.colcon_core.package_identification:_identify(.) by extensions ['python_setup_py']
[1.354s] Level 1:colcon.colcon_core.package_identification:_identify(.) by extension 'python_setup_py'
[1.354s] Level 1:colcon.colcon_core.package_identification:_identify(build) by extensions ['ignore', 'ignore_ament_install']
[1.354s] Level 1:colcon.colcon_core.package_identification:_identify(build) by extension 'ignore'
[1.354s] Level 1:colcon.colcon_core.package_identification:_identify(build) ignored
[1.354s] Level 1:colcon.colcon_core.package_identification:_identify(docs) by extensions ['ignore', 'ignore_ament_install']
[1.354s] Level 1:colcon.colcon_core.package_identification:_identify(docs) by extension 'ignore'
[1.354s] Level 1:colcon.colcon_core.package_identification:_identify(docs) by extension 'ignore_ament_install'
[1.354s] Level 1:colcon.colcon_core.package_identification:_identify(docs) by extensions ['colcon_pkg']
[1.354s] Level 1:colcon.colcon_core.package_identification:_identify(docs) by extension 'colcon_pkg'
[1.354s] Level 1:colcon.colcon_core.package_identification:_identify(docs) by extensions ['colcon_meta']
[1.354s] Level 1:colcon.colcon_core.package_identification:_identify(docs) by extension 'colcon_meta'
[1.355s] Level 1:colcon.colcon_core.package_identification:_identify(docs) by extensions ['ros']
[1.355s] Level 1:colcon.colcon_core.package_identification:_identify(docs) by extension 'ros'
[1.355s] Level 1:colcon.colcon_core.package_identification:_identify(docs) by extensions ['cmake', 'python']
[1.355s] Level 1:colcon.colcon_core.package_identification:_identify(docs) by extension 'cmake'
[1.355s] Level 1:colcon.colcon_core.package_identification:_identify(docs) by extension 'python'
[1.355s] Level 1:colcon.colcon_core.package_identification:_identify(docs) by extensions ['python_setup_py']
[1.355s] Level 1:colcon.colcon_core.package_identification:_identify(docs) by extension 'python_setup_py'
[1.356s] Level 1:colcon.colcon_core.package_identification:_identify(firmware) by extensions ['ignore', 'ignore_ament_install']
[1.356s] Level 1:colcon.colcon_core.package_identification:_identify(firmware) by extension 'ignore'
[1.356s] Level 1:colcon.colcon_core.package_identification:_identify(firmware) by extension 'ignore_ament_install'
[1.356s] Level 1:colcon.colcon_core.package_identification:_identify(firmware) by extensions ['colcon_pkg']
[1.356s] Level 1:colcon.colcon_core.package_identification:_identify(firmware) by extension 'colcon_pkg'
[1.356s] Level 1:colcon.colcon_core.package_identification:_identify(firmware) by extensions ['colcon_meta']
[1.356s] Level 1:colcon.colcon_core.package_identification:_identify(firmware) by extension 'colcon_meta'
[1.356s] Level 1:colcon.colcon_core.package_identification:_identify(firmware) by extensions ['ros']
[1.356s] Level 1:colcon.colcon_core.package_identification:_identify(firmware) by extension 'ros'
[1.356s] Level 1:colcon.colcon_core.package_identification:_identify(firmware) by extensions ['cmake', 'python']
[1.356s] Level 1:colcon.colcon_core.package_identification:_identify(firmware) by extension 'cmake'
[1.356s] Level 1:colcon.colcon_core.package_identification:_identify(firmware) by extension 'python'
[1.356s] Level 1:colcon.colcon_core.package_identification:_identify(firmware) by extensions ['python_setup_py']
[1.356s] Level 1:colcon.colcon_core.package_identification:_identify(firmware) by extension 'python_setup_py'
[1.357s] Level 1:colcon.colcon_core.package_identification:_identify(install) by extensions ['ignore', 'ignore_ament_install']
[1.357s] Level 1:colcon.colcon_core.package_identification:_identify(install) by extension 'ignore'
[1.357s] Level 1:colcon.colcon_core.package_identification:_identify(install) ignored
[1.357s] Level 1:colcon.colcon_core.package_identification:_identify(log) by extensions ['ignore', 'ignore_ament_install']
[1.357s] Level 1:colcon.colcon_core.package_identification:_identify(log) by extension 'ignore'
[1.357s] Level 1:colcon.colcon_core.package_identification:_identify(log) ignored
[1.357s] Level 1:colcon.colcon_core.package_identification:_identify(src) by extensions ['ignore', 'ignore_ament_install']
[1.357s] Level 1:colcon.colcon_core.package_identification:_identify(src) by extension 'ignore'
[1.357s] Level 1:colcon.colcon_core.package_identification:_identify(src) by extension 'ignore_ament_install'
[1.357s] Level 1:colcon.colcon_core.package_identification:_identify(src) by extensions ['colcon_pkg']
[1.357s] Level 1:colcon.colcon_core.package_identification:_identify(src) by extension 'colcon_pkg'
[1.357s] Level 1:colcon.colcon_core.package_identification:_identify(src) by extensions ['colcon_meta']
[1.357s] Level 1:colcon.colcon_core.package_identification:_identify(src) by extension 'colcon_meta'
[1.357s] Level 1:colcon.colcon_core.package_identification:_identify(src) by extensions ['ros']
[1.357s] Level 1:colcon.colcon_core.package_identification:_identify(src) by extension 'ros'
[1.357s] Level 1:colcon.colcon_core.package_identification:_identify(src) by extensions ['cmake', 'python']
[1.357s] Level 1:colcon.colcon_core.package_identification:_identify(src) by extension 'cmake'
[1.358s] Level 1:colcon.colcon_core.package_identification:_identify(src) by extension 'python'
[1.358s] Level 1:colcon.colcon_core.package_identification:_identify(src) by extensions ['python_setup_py']
[1.358s] Level 1:colcon.colcon_core.package_identification:_identify(src) by extension 'python_setup_py'
[1.358s] Level 1:colcon.colcon_core.package_identification:_identify(src/Smart-Wheelchair) by extensions ['ignore', 'ignore_ament_install']
[1.358s] Level 1:colcon.colcon_core.package_identification:_identify(src/Smart-Wheelchair) by extension 'ignore'
[1.358s] Level 1:colcon.colcon_core.package_identification:_identify(src/Smart-Wheelchair) by extension 'ignore_ament_install'
[1.358s] Level 1:colcon.colcon_core.package_identification:_identify(src/Smart-Wheelchair) by extensions ['colcon_pkg']
[1.358s] Level 1:colcon.colcon_core.package_identification:_identify(src/Smart-Wheelchair) by extension 'colcon_pkg'
[1.358s] Level 1:colcon.colcon_core.package_identification:_identify(src/Smart-Wheelchair) by extensions ['colcon_meta']
[1.358s] Level 1:colcon.colcon_core.package_identification:_identify(src/Smart-Wheelchair) by extension 'colcon_meta'
[1.358s] Level 1:colcon.colcon_core.package_identification:_identify(src/Smart-Wheelchair) by extensions ['ros']
[1.358s] Level 1:colcon.colcon_core.package_identification:_identify(src/Smart-Wheelchair) by extension 'ros'
[1.358s] Level 1:colcon.colcon_core.package_identification:_identify(src/Smart-Wheelchair) by extensions ['cmake', 'python']
[1.358s] Level 1:colcon.colcon_core.package_identification:_identify(src/Smart-Wheelchair) by extension 'cmake'
[1.358s] Level 1:colcon.colcon_core.package_identification:_identify(src/Smart-Wheelchair) by extension 'python'
[1.358s] Level 1:colcon.colcon_core.package_identification:_identify(src/Smart-Wheelchair) by extensions ['python_setup_py']
[1.358s] Level 1:colcon.colcon_core.package_identification:_identify(src/Smart-Wheelchair) by extension 'python_setup_py'
[1.358s] Level 1:colcon.colcon_core.package_identification:_identify(src/Smart-Wheelchair/smart_wheelchair_description) by extensions ['ignore', 'ignore_ament_install']
[1.358s] Level 1:colcon.colcon_core.package_identification:_identify(src/Smart-Wheelchair/smart_wheelchair_description) by extension 'ignore'
[1.359s] Level 1:colcon.colcon_core.package_identification:_identify(src/Smart-Wheelchair/smart_wheelchair_description) by extension 'ignore_ament_install'
[1.359s] Level 1:colcon.colcon_core.package_identification:_identify(src/Smart-Wheelchair/smart_wheelchair_description) by extensions ['colcon_pkg']
[1.359s] Level 1:colcon.colcon_core.package_identification:_identify(src/Smart-Wheelchair/smart_wheelchair_description) by extension 'colcon_pkg'
[1.359s] Level 1:colcon.colcon_core.package_identification:_identify(src/Smart-Wheelchair/smart_wheelchair_description) by extensions ['colcon_meta']
[1.359s] Level 1:colcon.colcon_core.package_identification:_identify(src/Smart-Wheelchair/smart_wheelchair_description) by extension 'colcon_meta'
[1.359s] Level 1:colcon.colcon_core.package_identification:_identify(src/Smart-Wheelchair/smart_wheelchair_description) by extensions ['ros']
[1.359s] Level 1:colcon.colcon_core.package_identification:_identify(src/Smart-Wheelchair/smart_wheelchair_description) by extension 'ros'
[1.359s] Level 1:colcon.colcon_core.package_identification:_identify(src/Smart-Wheelchair/smart_wheelchair_description) by extensions ['cmake', 'python']
[1.359s] Level 1:colcon.colcon_core.package_identification:_identify(src/Smart-Wheelchair/smart_wheelchair_description) by extension 'cmake'
[1.359s] Level 1:colcon.colcon_core.package_identification:_identify(src/Smart-Wheelchair/smart_wheelchair_description) by extension 'python'
[1.359s] Level 1:colcon.colcon_core.package_identification:_identify(src/Smart-Wheelchair/smart_wheelchair_description) by extensions ['python_setup_py']
[1.359s] Level 1:colcon.colcon_core.package_identification:_identify(src/Smart-Wheelchair/smart_wheelchair_description) by extension 'python_setup_py'
[1.359s] Level 1:colcon.colcon_core.package_identification:_identify(src/Smart-Wheelchair/smart_wheelchair_description/include) by extensions ['ignore', 'ignore_ament_install']
[1.359s] Level 1:colcon.colcon_core.package_identification:_identify(src/Smart-Wheelchair/smart_wheelchair_description/include) by extension 'ignore'
[1.359s] Level 1:colcon.colcon_core.package_identification:_identify(src/Smart-Wheelchair/smart_wheelchair_description/include) by extension 'ignore_ament_install'
[1.359s] Level 1:colcon.colcon_core.package_identification:_identify(src/Smart-Wheelchair/smart_wheelchair_description/include) by extensions ['colcon_pkg']
[1.359s] Level 1:colcon.colcon_core.package_identification:_identify(src/Smart-Wheelchair/smart_wheelchair_description/include) by extension 'colcon_pkg'
[1.359s] Level 1:colcon.colcon_core.package_identification:_identify(src/Smart-Wheelchair/smart_wheelchair_description/include) by extensions ['colcon_meta']
[1.359s] Level 1:colcon.colcon_core.package_identification:_identify(src/Smart-Wheelchair/smart_wheelchair_description/include) by extension 'colcon_meta'
[1.360s] Level 1:colcon.colcon_core.package_identification:_identify(src/Smart-Wheelchair/smart_wheelchair_description/include) by extensions ['ros']
[1.360s] Level 1:colcon.colcon_core.package_identification:_identify(src/Smart-Wheelchair/smart_wheelchair_description/include) by extension 'ros'
[1.360s] Level 1:colcon.colcon_core.package_identification:_identify(src/Smart-Wheelchair/smart_wheelchair_description/include) by extensions ['cmake', 'python']
[1.360s] Level 1:colcon.colcon_core.package_identification:_identify(src/Smart-Wheelchair/smart_wheelchair_description/include) by extension 'cmake'
[1.360s] Level 1:colcon.colcon_core.package_identification:_identify(src/Smart-Wheelchair/smart_wheelchair_description/include) by extension 'python'
[1.360s] Level 1:colcon.colcon_core.package_identification:_identify(src/Smart-Wheelchair/smart_wheelchair_description/include) by extensions ['python_setup_py']
[1.360s] Level 1:colcon.colcon_core.package_identification:_identify(src/Smart-Wheelchair/smart_wheelchair_description/include) by extension 'python_setup_py'
[1.360s] Level 1:colcon.colcon_core.package_identification:_identify(src/Smart-Wheelchair/smart_wheelchair_description/include/smart_wheelchair_description) by extensions ['ignore', 'ignore_ament_install']
[1.360s] Level 1:colcon.colcon_core.package_identification:_identify(src/Smart-Wheelchair/smart_wheelchair_description/include/smart_wheelchair_description) by extension 'ignore'
[1.360s] Level 1:colcon.colcon_core.package_identification:_identify(src/Smart-Wheelchair/smart_wheelchair_description/include/smart_wheelchair_description) by extension 'ignore_ament_install'
[1.360s] Level 1:colcon.colcon_core.package_identification:_identify(src/Smart-Wheelchair/smart_wheelchair_description/include/smart_wheelchair_description) by extensions ['colcon_pkg']
[1.360s] Level 1:colcon.colcon_core.package_identification:_identify(src/Smart-Wheelchair/smart_wheelchair_description/include/smart_wheelchair_description) by extension 'colcon_pkg'
[1.360s] Level 1:colcon.colcon_core.package_identification:_identify(src/Smart-Wheelchair/smart_wheelchair_description/include/smart_wheelchair_description) by extensions ['colcon_meta']
[1.360s] Level 1:colcon.colcon_core.package_identification:_identify(src/Smart-Wheelchair/smart_wheelchair_description/include/smart_wheelchair_description) by extension 'colcon_meta'
[1.360s] Level 1:colcon.colcon_core.package_identification:_identify(src/Smart-Wheelchair/smart_wheelchair_description/include/smart_wheelchair_description) by extensions ['ros']
[1.360s] Level 1:colcon.colcon_core.package_identification:_identify(src/Smart-Wheelchair/smart_wheelchair_description/include/smart_wheelchair_description) by extension 'ros'
[1.360s] Level 1:colcon.colcon_core.package_identification:_identify(src/Smart-Wheelchair/smart_wheelchair_description/include/smart_wheelchair_description) by extensions ['cmake', 'python']
[1.360s] Level 1:colcon.colcon_core.package_identification:_identify(src/Smart-Wheelchair/smart_wheelchair_description/include/smart_wheelchair_description) by extension 'cmake'
[1.361s] Level 1:colcon.colcon_core.package_identification:_identify(src/Smart-Wheelchair/smart_wheelchair_description/include/smart_wheelchair_description) by extension 'python'
[1.361s] Level 1:colcon.colcon_core.package_identification:_identify(src/Smart-Wheelchair/smart_wheelchair_description/include/smart_wheelchair_description) by extensions ['python_setup_py']
[1.361s] Level 1:colcon.colcon_core.package_identification:_identify(src/Smart-Wheelchair/smart_wheelchair_description/include/smart_wheelchair_description) by extension 'python_setup_py'
[1.361s] Level 1:colcon.colcon_core.package_identification:_identify(src/Smart-Wheelchair/smart_wheelchair_description/src) by extensions ['ignore', 'ignore_ament_install']
[1.361s] Level 1:colcon.colcon_core.package_identification:_identify(src/Smart-Wheelchair/smart_wheelchair_description/src) by extension 'ignore'
[1.361s] Level 1:colcon.colcon_core.package_identification:_identify(src/Smart-Wheelchair/smart_wheelchair_description/src) by extension 'ignore_ament_install'
[1.361s] Level 1:colcon.colcon_core.package_identification:_identify(src/Smart-Wheelchair/smart_wheelchair_description/src) by extensions ['colcon_pkg']
[1.361s] Level 1:colcon.colcon_core.package_identification:_identify(src/Smart-Wheelchair/smart_wheelchair_description/src) by extension 'colcon_pkg'
[1.361s] Level 1:colcon.colcon_core.package_identification:_identify(src/Smart-Wheelchair/smart_wheelchair_description/src) by extensions ['colcon_meta']
[1.361s] Level 1:colcon.colcon_core.package_identification:_identify(src/Smart-Wheelchair/smart_wheelchair_description/src) by extension 'colcon_meta'
[1.361s] Level 1:colcon.colcon_core.package_identification:_identify(src/Smart-Wheelchair/smart_wheelchair_description/src) by extensions ['ros']
[1.361s] Level 1:colcon.colcon_core.package_identification:_identify(src/Smart-Wheelchair/smart_wheelchair_description/src) by extension 'ros'
[1.361s] Level 1:colcon.colcon_core.package_identification:_identify(src/Smart-Wheelchair/smart_wheelchair_description/src) by extensions ['cmake', 'python']
[1.361s] Level 1:colcon.colcon_core.package_identification:_identify(src/Smart-Wheelchair/smart_wheelchair_description/src) by extension 'cmake'
[1.361s] Level 1:colcon.colcon_core.package_identification:_identify(src/Smart-Wheelchair/smart_wheelchair_description/src) by extension 'python'
[1.361s] Level 1:colcon.colcon_core.package_identification:_identify(src/Smart-Wheelchair/smart_wheelchair_description/src) by extensions ['python_setup_py']
[1.361s] Level 1:colcon.colcon_core.package_identification:_identify(src/Smart-Wheelchair/smart_wheelchair_description/src) by extension 'python_setup_py'
[1.361s] Level 1:colcon.colcon_core.package_identification:_identify(src/smart_wheelchair_description) by extensions ['ignore', 'ignore_ament_install']
[1.361s] Level 1:colcon.colcon_core.package_identification:_identify(src/smart_wheelchair_description) by extension 'ignore'
[1.361s] Level 1:colcon.colcon_core.package_identification:_identify(src/smart_wheelchair_description) by extension 'ignore_ament_install'
[1.362s] Level 1:colcon.colcon_core.package_identification:_identify(src/smart_wheelchair_description) by extensions ['colcon_pkg']
[1.362s] Level 1:colcon.colcon_core.package_identification:_identify(src/smart_wheelchair_description) by extension 'colcon_pkg'
[1.362s] Level 1:colcon.colcon_core.package_identification:_identify(src/smart_wheelchair_description) by extensions ['colcon_meta']
[1.362s] Level 1:colcon.colcon_core.package_identification:_identify(src/smart_wheelchair_description) by extension 'colcon_meta'
[1.362s] Level 1:colcon.colcon_core.package_identification:_identify(src/smart_wheelchair_description) by extensions ['ros']
[1.362s] Level 1:colcon.colcon_core.package_identification:_identify(src/smart_wheelchair_description) by extension 'ros'
[1.366s] DEBUG:colcon.colcon_core.package_identification:Package 'src/smart_wheelchair_description' with type 'ros.ament_cmake' and name 'smart_wheelchair_description'
[1.367s] Level 1:colcon.colcon_core.package_identification:_identify(src/smart_wheelchair_navigation) by extensions ['ignore', 'ignore_ament_install']
[1.367s] Level 1:colcon.colcon_core.package_identification:_identify(src/smart_wheelchair_navigation) by extension 'ignore'
[1.367s] Level 1:colcon.colcon_core.package_identification:_identify(src/smart_wheelchair_navigation) by extension 'ignore_ament_install'
[1.367s] Level 1:colcon.colcon_core.package_identification:_identify(src/smart_wheelchair_navigation) by extensions ['colcon_pkg']
[1.367s] Level 1:colcon.colcon_core.package_identification:_identify(src/smart_wheelchair_navigation) by extension 'colcon_pkg'
[1.367s] Level 1:colcon.colcon_core.package_identification:_identify(src/smart_wheelchair_navigation) by extensions ['colcon_meta']
[1.367s] Level 1:colcon.colcon_core.package_identification:_identify(src/smart_wheelchair_navigation) by extension 'colcon_meta'
[1.367s] Level 1:colcon.colcon_core.package_identification:_identify(src/smart_wheelchair_navigation) by extensions ['ros']
[1.367s] Level 1:colcon.colcon_core.package_identification:_identify(src/smart_wheelchair_navigation) by extension 'ros'
[1.368s] DEBUG:colcon.colcon_core.package_identification:Package 'src/smart_wheelchair_navigation' with type 'ros.ament_cmake' and name 'smart_wheelchair_navigation'
[1.368s] Level 1:colcon.colcon_core.package_discovery:discover_packages(recursive) using defaults
[1.368s] Level 1:colcon.colcon_core.package_discovery:discover_packages(ignore) discover
[1.368s] Level 1:colcon.colcon_core.package_discovery:discover_packages(ignore) using defaults
[1.368s] Level 1:colcon.colcon_core.package_discovery:discover_packages(path) discover
[1.368s] Level 1:colcon.colcon_core.package_discovery:discover_packages(path) using defaults
[1.415s] Level 1:colcon.colcon_core.package_discovery:discover_packages(prefix_path) check parameters
[1.415s] Level 1:colcon.colcon_core.package_discovery:discover_packages(prefix_path) discover
[1.422s] DEBUG:colcon.colcon_installed_package_information.package_discovery:Found 284 installed packages in /opt/ros/humble
[1.424s] Level 1:colcon.colcon_core.package_discovery:discover_packages(prefix_path) using defaults
[1.485s] Level 5:colcon.colcon_core.verb:set package 'smart_wheelchair_description' build argument 'cmake_args' from command line to 'None'
[1.485s] Level 5:colcon.colcon_core.verb:set package 'smart_wheelchair_description' build argument 'cmake_target' from command line to 'None'
[1.485s] Level 5:colcon.colcon_core.verb:set package 'smart_wheelchair_description' build argument 'cmake_target_skip_unavailable' from command line to 'False'
[1.485s] Level 5:colcon.colcon_core.verb:set package 'smart_wheelchair_description' build argument 'cmake_clean_cache' from command line to 'False'
[1.485s] Level 5:colcon.colcon_core.verb:set package 'smart_wheelchair_description' build argument 'cmake_clean_first' from command line to 'False'
[1.485s] Level 5:colcon.colcon_core.verb:set package 'smart_wheelchair_description' build argument 'cmake_force_configure' from command line to 'False'
[1.485s] Level 5:colcon.colcon_core.verb:set package 'smart_wheelchair_description' build argument 'ament_cmake_args' from command line to 'None'
[1.485s] Level 5:colcon.colcon_core.verb:set package 'smart_wheelchair_description' build argument 'catkin_cmake_args' from command line to 'None'
[1.485s] Level 5:colcon.colcon_core.verb:set package 'smart_wheelchair_description' build argument 'catkin_skip_building_tests' from command line to 'False'
[1.485s] DEBUG:colcon.colcon_core.verb:Building package 'smart_wheelchair_description' with the following arguments: {'ament_cmake_args': None, 'build_base': '/home/cambitzero/wheelchair_ws/build/smart_wheelchair_description', 'catkin_cmake_args': None, 'catkin_skip_building_tests': False, 'cmake_args': None, 'cmake_clean_cache': False, 'cmake_clean_first': False, 'cmake_force_configure': False, 'cmake_target': None, 'cmake_target_skip_unavailable': False, 'install_base': '/home/cambitzero/wheelchair_ws/install/smart_wheelchair_description', 'merge_install': False, 'path': '/home/cambitzero/wheelchair_ws/src/smart_wheelchair_description', 'symlink_install': True, 'test_result_base': None}
[1.485s] Level 5:colcon.colcon_core.verb:set package 'smart_wheelchair_navigation' build argument 'cmake_args' from command line to 'None'
[1.486s] Level 5:colcon.colcon_core.verb:set package 'smart_wheelchair_navigation' build argument 'cmake_target' from command line to 'None'
[1.486s] Level 5:colcon.colcon_core.verb:set package 'smart_wheelchair_navigation' build argument 'cmake_target_skip_unavailable' from command line to 'False'
[1.486s] Level 5:colcon.colcon_core.verb:set package 'smart_wheelchair_navigation' build argument 'cmake_clean_cache' from command line to 'False'
[1.486s] Level 5:colcon.colcon_core.verb:set package 'smart_wheelchair_navigation' build argument 'cmake_clean_first' from command line to 'False'
[1.486s] Level 5:colcon.colcon_core.verb:set package 'smart_wheelchair_navigation' build argument 'cmake_force_configure' from command line to 'False'
[1.486s] Level 5:colcon.colcon_core.verb:set package 'smart_wheelchair_navigation' build argument 'ament_cmake_args' from command line to 'None'
[1.486s] Level 5:colcon.colcon_core.verb:set package 'smart_wheelchair_navigation' build argument 'catkin_cmake_args' from command line to 'None'
[1.486s] Level 5:colcon.colcon_core.verb:set package 'smart_wheelchair_navigation' build argument 'catkin_skip_building_tests' from command line to 'False'
[1.486s] DEBUG:colcon.colcon_core.verb:Building package 'smart_wheelchair_navigation' with the following arguments: {'ament_cmake_args': None, 'build_base': '/home/cambitzero/wheelchair_ws/build/smart_wheelchair_navigation', 'catkin_cmake_args': None, 'catkin_skip_building_tests': False, 'cmake_args': None, 'cmake_clean_cache': False, 'cmake_clean_first': False, 'cmake_force_configure': False, 'cmake_target': None, 'cmake_target_skip_unavailable': False, 'install_base': '/home/cambitzero/wheelchair_ws/install/smart_wheelchair_navigation', 'merge_install': False, 'path': '/home/cambitzero/wheelchair_ws/src/smart_wheelchair_navigation', 'symlink_install': True, 'test_result_base': None}
[1.486s] INFO:colcon.colcon_core.executor:Executing jobs using 'parallel' executor
[1.488s] DEBUG:colcon.colcon_parallel_executor.executor.parallel:run_until_complete
[1.489s] INFO:colcon.colcon_ros.task.ament_cmake.build:Building ROS package in '/home/cambitzero/wheelchair_ws/src/smart_wheelchair_description' with build type 'ament_cmake'
[1.489s] INFO:colcon.colcon_cmake.task.cmake.build:Building CMake package in '/home/cambitzero/wheelchair_ws/src/smart_wheelchair_description'
[1.519s] INFO:colcon.colcon_core.plugin_system:Skipping extension 'colcon_core.shell.bat': Not used on non-Windows systems
[1.519s] INFO:colcon.colcon_core.shell:Skip shell extension 'powershell' for command environment: Not usable outside of PowerShell
[1.519s] DEBUG:colcon.colcon_core.shell:Skip shell extension 'dsv' for command environment
[1.568s] DEBUG:colcon.colcon_core.event_handler.log_command:Invoking command in '/home/cambitzero/wheelchair_ws/build/smart_wheelchair_description': CMAKE_PREFIX_PATH=/opt/ros/humble /usr/bin/cmake /home/cambitzero/wheelchair_ws/src/smart_wheelchair_description -DAMENT_CMAKE_SYMLINK_INSTALL=1 -DCMAKE_INSTALL_PREFIX=/home/cambitzero/wheelchair_ws/install/smart_wheelchair_description
[25.123s] DEBUG:colcon.colcon_core.event_handler.log_command:Invoked command in '/home/cambitzero/wheelchair_ws/build/smart_wheelchair_description' returned '0': CMAKE_PREFIX_PATH=/opt/ros/humble /usr/bin/cmake /home/cambitzero/wheelchair_ws/src/smart_wheelchair_description -DAMENT_CMAKE_SYMLINK_INSTALL=1 -DCMAKE_INSTALL_PREFIX=/home/cambitzero/wheelchair_ws/install/smart_wheelchair_description
[25.491s] DEBUG:colcon.colcon_core.event_handler.log_command:Invoking command in '/home/cambitzero/wheelchair_ws/build/smart_wheelchair_description': CMAKE_PREFIX_PATH=/opt/ros/humble /usr/bin/cmake --build /home/cambitzero/wheelchair_ws/build/smart_wheelchair_description -- -j6 -l6
[26.400s] DEBUG:colcon.colcon_core.event_handler.log_command:Invoked command in '/home/cambitzero/wheelchair_ws/build/smart_wheelchair_description' returned '0': CMAKE_PREFIX_PATH=/opt/ros/humble /usr/bin/cmake --build /home/cambitzero/wheelchair_ws/build/smart_wheelchair_description -- -j6 -l6
[26.731s] DEBUG:colcon.colcon_core.event_handler.log_command:Invoking command in '/home/cambitzero/wheelchair_ws/build/smart_wheelchair_description': CMAKE_PREFIX_PATH=/opt/ros/humble /usr/bin/cmake --install /home/cambitzero/wheelchair_ws/build/smart_wheelchair_description
[29.783s] Level 1:colcon.colcon_core.environment:create_environment_scripts_only(smart_wheelchair_description)
[29.784s] DEBUG:colcon.colcon_core.event_handler.log_command:Invoked command in '/home/cambitzero/wheelchair_ws/build/smart_wheelchair_description' returned '0': CMAKE_PREFIX_PATH=/opt/ros/humble /usr/bin/cmake --install /home/cambitzero/wheelchair_ws/build/smart_wheelchair_description
[29.865s] Level 1:colcon.colcon_core.environment:checking '/home/cambitzero/wheelchair_ws/install/smart_wheelchair_description' for CMake module files
[29.865s] Level 1:colcon.colcon_core.environment:checking '/home/cambitzero/wheelchair_ws/install/smart_wheelchair_description' for CMake config files
[29.865s] Level 1:colcon.colcon_core.shell:create_environment_hook('smart_wheelchair_description', 'cmake_prefix_path')
[29.866s] INFO:colcon.colcon_core.shell:Creating environment hook '/home/cambitzero/wheelchair_ws/install/smart_wheelchair_description/share/smart_wheelchair_description/hook/cmake_prefix_path.ps1'
[29.873s] INFO:colcon.colcon_core.shell:Creating environment descriptor '/home/cambitzero/wheelchair_ws/install/smart_wheelchair_description/share/smart_wheelchair_description/hook/cmake_prefix_path.dsv'
[29.874s] INFO:colcon.colcon_core.shell:Creating environment hook '/home/cambitzero/wheelchair_ws/install/smart_wheelchair_description/share/smart_wheelchair_description/hook/cmake_prefix_path.sh'
[29.877s] Level 1:colcon.colcon_core.environment:checking '/home/cambitzero/wheelchair_ws/install/smart_wheelchair_description/bin'
[29.877s] Level 1:colcon.colcon_core.environment:checking '/home/cambitzero/wheelchair_ws/install/smart_wheelchair_description/lib/pkgconfig/smart_wheelchair_description.pc'
[29.878s] Level 1:colcon.colcon_core.environment:checking '/home/cambitzero/wheelchair_ws/install/smart_wheelchair_description/lib/python3.10/site-packages'
[29.878s] Level 1:colcon.colcon_core.environment:checking '/home/cambitzero/wheelchair_ws/install/smart_wheelchair_description/bin'
[29.878s] INFO:colcon.colcon_core.shell:Creating package script '/home/cambitzero/wheelchair_ws/install/smart_wheelchair_description/share/smart_wheelchair_description/package.ps1'
[29.882s] INFO:colcon.colcon_core.shell:Creating package descriptor '/home/cambitzero/wheelchair_ws/install/smart_wheelchair_description/share/smart_wheelchair_description/package.dsv'
[29.887s] INFO:colcon.colcon_core.shell:Creating package script '/home/cambitzero/wheelchair_ws/install/smart_wheelchair_description/share/smart_wheelchair_description/package.sh'
[29.906s] INFO:colcon.colcon_core.shell:Creating package script '/home/cambitzero/wheelchair_ws/install/smart_wheelchair_description/share/smart_wheelchair_description/package.bash'
[29.915s] INFO:colcon.colcon_core.shell:Creating package script '/home/cambitzero/wheelchair_ws/install/smart_wheelchair_description/share/smart_wheelchair_description/package.zsh'
[29.938s] Level 1:colcon.colcon_core.environment:create_file_with_runtime_dependencies(/home/cambitzero/wheelchair_ws/install/smart_wheelchair_description/share/colcon-core/packages/smart_wheelchair_description)
[29.942s] Level 1:colcon.colcon_core.environment:create_environment_scripts_only(smart_wheelchair_description)
[29.950s] Level 1:colcon.colcon_core.environment:checking '/home/cambitzero/wheelchair_ws/install/smart_wheelchair_description' for CMake module files
[29.952s] Level 1:colcon.colcon_core.environment:checking '/home/cambitzero/wheelchair_ws/install/smart_wheelchair_description' for CMake config files
[29.952s] Level 1:colcon.colcon_core.shell:create_environment_hook('smart_wheelchair_description', 'cmake_prefix_path')
[29.958s] INFO:colcon.colcon_core.shell:Creating environment hook '/home/cambitzero/wheelchair_ws/install/smart_wheelchair_description/share/smart_wheelchair_description/hook/cmake_prefix_path.ps1'
[29.959s] INFO:colcon.colcon_core.shell:Creating environment descriptor '/home/cambitzero/wheelchair_ws/install/smart_wheelchair_description/share/smart_wheelchair_description/hook/cmake_prefix_path.dsv'
[29.970s] INFO:colcon.colcon_core.shell:Creating environment hook '/home/cambitzero/wheelchair_ws/install/smart_wheelchair_description/share/smart_wheelchair_description/hook/cmake_prefix_path.sh'
[29.971s] Level 1:colcon.colcon_core.environment:checking '/home/cambitzero/wheelchair_ws/install/smart_wheelchair_description/bin'
[29.971s] Level 1:colcon.colcon_core.environment:checking '/home/cambitzero/wheelchair_ws/install/smart_wheelchair_description/lib/pkgconfig/smart_wheelchair_description.pc'
[29.972s] Level 1:colcon.colcon_core.environment:checking '/home/cambitzero/wheelchair_ws/install/smart_wheelchair_description/lib/python3.10/site-packages'
[29.972s] Level 1:colcon.colcon_core.environment:checking '/home/cambitzero/wheelchair_ws/install/smart_wheelchair_description/bin'
[29.972s] INFO:colcon.colcon_core.shell:Creating package script '/home/cambitzero/wheelchair_ws/install/smart_wheelchair_description/share/smart_wheelchair_description/package.ps1'
[29.973s] INFO:colcon.colcon_core.shell:Creating package descriptor '/home/cambitzero/wheelchair_ws/install/smart_wheelchair_description/share/smart_wheelchair_description/package.dsv'
[29.974s] INFO:colcon.colcon_core.shell:Creating package script '/home/cambitzero/wheelchair_ws/install/smart_wheelchair_description/share/smart_wheelchair_description/package.sh'
[29.975s] INFO:colcon.colcon_core.shell:Creating package script '/home/cambitzero/wheelchair_ws/install/smart_wheelchair_description/share/smart_wheelchair_description/package.bash'
[29.976s] INFO:colcon.colcon_core.shell:Creating package script '/home/cambitzero/wheelchair_ws/install/smart_wheelchair_description/share/smart_wheelchair_description/package.zsh'
[29.977s] Level 1:colcon.colcon_core.environment:create_file_with_runtime_dependencies(/home/cambitzero/wheelchair_ws/install/smart_wheelchair_description/share/colcon-core/packages/smart_wheelchair_description)
[29.978s] INFO:colcon.colcon_ros.task.ament_cmake.build:Building ROS package in '/home/cambitzero/wheelchair_ws/src/smart_wheelchair_navigation' with build type 'ament_cmake'
[29.979s] INFO:colcon.colcon_cmake.task.cmake.build:Building CMake package in '/home/cambitzero/wheelchair_ws/src/smart_wheelchair_navigation'
[29.979s] INFO:colcon.colcon_core.shell:Skip shell extension 'powershell' for command environment: Not usable outside of PowerShell
[29.979s] DEBUG:colcon.colcon_core.shell:Skip shell extension 'dsv' for command environment
[29.999s] DEBUG:colcon.colcon_core.event_handler.log_command:Invoking command in '/home/cambitzero/wheelchair_ws/build/smart_wheelchair_navigation': AMENT_PREFIX_PATH=/home/cambitzero/wheelchair_ws/install/smart_wheelchair_description:${AMENT_PREFIX_PATH} CMAKE_PREFIX_PATH=/home/cambitzero/wheelchair_ws/install/smart_wheelchair_description:/opt/ros/humble /usr/bin/cmake /home/cambitzero/wheelchair_ws/src/smart_wheelchair_navigation -DAMENT_CMAKE_SYMLINK_INSTALL=1 -DCMAKE_INSTALL_PREFIX=/home/cambitzero/wheelchair_ws/install/smart_wheelchair_navigation
[31.435s] DEBUG:colcon.colcon_core.event_handler.log_command:Invoked command in '/home/cambitzero/wheelchair_ws/build/smart_wheelchair_navigation' returned '0': AMENT_PREFIX_PATH=/home/cambitzero/wheelchair_ws/install/smart_wheelchair_description:${AMENT_PREFIX_PATH} CMAKE_PREFIX_PATH=/home/cambitzero/wheelchair_ws/install/smart_wheelchair_description:/opt/ros/humble /usr/bin/cmake /home/cambitzero/wheelchair_ws/src/smart_wheelchair_navigation -DAMENT_CMAKE_SYMLINK_INSTALL=1 -DCMAKE_INSTALL_PREFIX=/home/cambitzero/wheelchair_ws/install/smart_wheelchair_navigation
[31.436s] DEBUG:colcon.colcon_core.event_handler.log_command:Invoking command in '/home/cambitzero/wheelchair_ws/build/smart_wheelchair_navigation': AMENT_PREFIX_PATH=/home/cambitzero/wheelchair_ws/install/smart_wheelchair_description:${AMENT_PREFIX_PATH} CMAKE_PREFIX_PATH=/home/cambitzero/wheelchair_ws/install/smart_wheelchair_description:/opt/ros/humble /usr/bin/cmake --build /home/cambitzero/wheelchair_ws/build/smart_wheelchair_navigation -- -j6 -l6
[31.586s] DEBUG:colcon.colcon_core.event_handler.log_command:Invoked command in '/home/cambitzero/wheelchair_ws/build/smart_wheelchair_navigation' returned '0': AMENT_PREFIX_PATH=/home/cambitzero/wheelchair_ws/install/smart_wheelchair_description:${AMENT_PREFIX_PATH} CMAKE_PREFIX_PATH=/home/cambitzero/wheelchair_ws/install/smart_wheelchair_description:/opt/ros/humble /usr/bin/cmake --build /home/cambitzero/wheelchair_ws/build/smart_wheelchair_navigation -- -j6 -l6
[31.592s] DEBUG:colcon.colcon_core.event_handler.log_command:Invoking command in '/home/cambitzero/wheelchair_ws/build/smart_wheelchair_navigation': AMENT_PREFIX_PATH=/home/cambitzero/wheelchair_ws/install/smart_wheelchair_description:${AMENT_PREFIX_PATH} CMAKE_PREFIX_PATH=/home/cambitzero/wheelchair_ws/install/smart_wheelchair_description:/opt/ros/humble /usr/bin/cmake --install /home/cambitzero/wheelchair_ws/build/smart_wheelchair_navigation
[32.106s] Level 1:colcon.colcon_core.environment:create_environment_scripts_only(smart_wheelchair_navigation)
[32.110s] Level 1:colcon.colcon_core.environment:checking '/home/cambitzero/wheelchair_ws/install/smart_wheelchair_navigation' for CMake module files
[32.111s] DEBUG:colcon.colcon_core.event_handler.log_command:Invoked command in '/home/cambitzero/wheelchair_ws/build/smart_wheelchair_navigation' returned '0': AMENT_PREFIX_PATH=/home/cambitzero/wheelchair_ws/install/smart_wheelchair_description:${AMENT_PREFIX_PATH} CMAKE_PREFIX_PATH=/home/cambitzero/wheelchair_ws/install/smart_wheelchair_description:/opt/ros/humble /usr/bin/cmake --install /home/cambitzero/wheelchair_ws/build/smart_wheelchair_navigation
[32.112s] Level 1:colcon.colcon_core.environment:checking '/home/cambitzero/wheelchair_ws/install/smart_wheelchair_navigation' for CMake config files
[32.112s] Level 1:colcon.colcon_core.shell:create_environment_hook('smart_wheelchair_navigation', 'cmake_prefix_path')
[32.113s] INFO:colcon.colcon_core.shell:Creating environment hook '/home/cambitzero/wheelchair_ws/install/smart_wheelchair_navigation/share/smart_wheelchair_navigation/hook/cmake_prefix_path.ps1'
[32.113s] INFO:colcon.colcon_core.shell:Creating environment descriptor '/home/cambitzero/wheelchair_ws/install/smart_wheelchair_navigation/share/smart_wheelchair_navigation/hook/cmake_prefix_path.dsv'
[32.115s] INFO:colcon.colcon_core.shell:Creating environment hook '/home/cambitzero/wheelchair_ws/install/smart_wheelchair_navigation/share/smart_wheelchair_navigation/hook/cmake_prefix_path.sh'
[32.117s] Level 1:colcon.colcon_core.environment:checking '/home/cambitzero/wheelchair_ws/install/smart_wheelchair_navigation/bin'
[32.119s] Level 1:colcon.colcon_core.environment:checking '/home/cambitzero/wheelchair_ws/install/smart_wheelchair_navigation/lib/pkgconfig/smart_wheelchair_navigation.pc'
[32.120s] Level 1:colcon.colcon_core.environment:checking '/home/cambitzero/wheelchair_ws/install/smart_wheelchair_navigation/lib/python3.10/site-packages'
[32.120s] Level 1:colcon.colcon_core.environment:checking '/home/cambitzero/wheelchair_ws/install/smart_wheelchair_navigation/bin'
[32.120s] INFO:colcon.colcon_core.shell:Creating package script '/home/cambitzero/wheelchair_ws/install/smart_wheelchair_navigation/share/smart_wheelchair_navigation/package.ps1'
[32.121s] INFO:colcon.colcon_core.shell:Creating package descriptor '/home/cambitzero/wheelchair_ws/install/smart_wheelchair_navigation/share/smart_wheelchair_navigation/package.dsv'
[32.121s] INFO:colcon.colcon_core.shell:Creating package script '/home/cambitzero/wheelchair_ws/install/smart_wheelchair_navigation/share/smart_wheelchair_navigation/package.sh'
[32.121s] INFO:colcon.colcon_core.shell:Creating package script '/home/cambitzero/wheelchair_ws/install/smart_wheelchair_navigation/share/smart_wheelchair_navigation/package.bash'
[32.121s] INFO:colcon.colcon_core.shell:Creating package script '/home/cambitzero/wheelchair_ws/install/smart_wheelchair_navigation/share/smart_wheelchair_navigation/package.zsh'
[32.122s] Level 1:colcon.colcon_core.environment:create_file_with_runtime_dependencies(/home/cambitzero/wheelchair_ws/install/smart_wheelchair_navigation/share/colcon-core/packages/smart_wheelchair_navigation)
[32.124s] Level 1:colcon.colcon_core.environment:create_environment_scripts_only(smart_wheelchair_navigation)
[32.128s] Level 1:colcon.colcon_core.environment:checking '/home/cambitzero/wheelchair_ws/install/smart_wheelchair_navigation' for CMake module files
[32.128s] Level 1:colcon.colcon_core.environment:checking '/home/cambitzero/wheelchair_ws/install/smart_wheelchair_navigation' for CMake config files
[32.129s] Level 1:colcon.colcon_core.shell:create_environment_hook('smart_wheelchair_navigation', 'cmake_prefix_path')
[32.129s] INFO:colcon.colcon_core.shell:Creating environment hook '/home/cambitzero/wheelchair_ws/install/smart_wheelchair_navigation/share/smart_wheelchair_navigation/hook/cmake_prefix_path.ps1'
[32.129s] INFO:colcon.colcon_core.shell:Creating environment descriptor '/home/cambitzero/wheelchair_ws/install/smart_wheelchair_navigation/share/smart_wheelchair_navigation/hook/cmake_prefix_path.dsv'
[32.130s] INFO:colcon.colcon_core.shell:Creating environment hook '/home/cambitzero/wheelchair_ws/install/smart_wheelchair_navigation/share/smart_wheelchair_navigation/hook/cmake_prefix_path.sh'
[32.131s] Level 1:colcon.colcon_core.environment:checking '/home/cambitzero/wheelchair_ws/install/smart_wheelchair_navigation/bin'
[32.132s] Level 1:colcon.colcon_core.environment:checking '/home/cambitzero/wheelchair_ws/install/smart_wheelchair_navigation/lib/pkgconfig/smart_wheelchair_navigation.pc'
[32.132s] Level 1:colcon.colcon_core.environment:checking '/home/cambitzero/wheelchair_ws/install/smart_wheelchair_navigation/lib/python3.10/site-packages'
[32.132s] Level 1:colcon.colcon_core.environment:checking '/home/cambitzero/wheelchair_ws/install/smart_wheelchair_navigation/bin'
[32.132s] INFO:colcon.colcon_core.shell:Creating package script '/home/cambitzero/wheelchair_ws/install/smart_wheelchair_navigation/share/smart_wheelchair_navigation/package.ps1'
[32.135s] INFO:colcon.colcon_core.shell:Creating package descriptor '/home/cambitzero/wheelchair_ws/install/smart_wheelchair_navigation/share/smart_wheelchair_navigation/package.dsv'
[32.136s] INFO:colcon.colcon_core.shell:Creating package script '/home/cambitzero/wheelchair_ws/install/smart_wheelchair_navigation/share/smart_wheelchair_navigation/package.sh'
[32.139s] INFO:colcon.colcon_core.shell:Creating package script '/home/cambitzero/wheelchair_ws/install/smart_wheelchair_navigation/share/smart_wheelchair_navigation/package.bash'
[32.141s] INFO:colcon.colcon_core.shell:Creating package script '/home/cambitzero/wheelchair_ws/install/smart_wheelchair_navigation/share/smart_wheelchair_navigation/package.zsh'
[32.143s] Level 1:colcon.colcon_core.environment:create_file_with_runtime_dependencies(/home/cambitzero/wheelchair_ws/install/smart_wheelchair_navigation/share/colcon-core/packages/smart_wheelchair_navigation)
[32.146s] DEBUG:colcon.colcon_parallel_executor.executor.parallel:closing loop
[32.146s] DEBUG:colcon.colcon_parallel_executor.executor.parallel:loop closed
[32.146s] DEBUG:colcon.colcon_parallel_executor.executor.parallel:run_until_complete finished with '0'
[32.146s] DEBUG:colcon.colcon_core.event_reactor:joining thread
[32.173s] INFO:colcon.colcon_core.plugin_system:Skipping extension 'colcon_notification.desktop_notification.terminal_notifier': Not used on non-Darwin systems
[32.173s] INFO:colcon.colcon_core.plugin_system:Skipping extension 'colcon_notification.desktop_notification.win32': Not used on non-Windows systems
[32.173s] INFO:colcon.colcon_notification.desktop_notification:Sending desktop notification using 'notify2'
[32.210s] DEBUG:colcon.colcon_core.event_reactor:joined thread
[32.210s] INFO:colcon.colcon_core.shell:Creating prefix script '/home/cambitzero/wheelchair_ws/install/local_setup.ps1'
[32.213s] INFO:colcon.colcon_core.shell:Creating prefix util module '/home/cambitzero/wheelchair_ws/install/_local_setup_util_ps1.py'
[32.215s] INFO:colcon.colcon_core.shell:Creating prefix chain script '/home/cambitzero/wheelchair_ws/install/setup.ps1'
[32.217s] INFO:colcon.colcon_core.shell:Creating prefix script '/home/cambitzero/wheelchair_ws/install/local_setup.sh'
[32.219s] INFO:colcon.colcon_core.shell:Creating prefix util module '/home/cambitzero/wheelchair_ws/install/_local_setup_util_sh.py'
[32.220s] INFO:colcon.colcon_core.shell:Creating prefix chain script '/home/cambitzero/wheelchair_ws/install/setup.sh'
[32.222s] INFO:colcon.colcon_core.shell:Creating prefix script '/home/cambitzero/wheelchair_ws/install/local_setup.bash'
[32.223s] INFO:colcon.colcon_core.shell:Creating prefix chain script '/home/cambitzero/wheelchair_ws/install/setup.bash'
[32.225s] INFO:colcon.colcon_core.shell:Creating prefix script '/home/cambitzero/wheelchair_ws/install/local_setup.zsh'
[32.226s] INFO:colcon.colcon_core.shell:Creating prefix chain script '/home/cambitzero/wheelchair_ws/install/setup.zsh'
