[0.075s] Invoking command in '/home/cambitzero/wheelchair_ws/build/smart_wheelchair_description': CMAKE_PREFIX_PATH=/opt/ros/humble /usr/bin/cmake /home/cambitzero/wheelchair_ws/src/smart_wheelchair_description -DAMENT_CMAKE_SYMLINK_INSTALL=1 -DCMAKE_INSTALL_PREFIX=/home/cambitzero/wheelchair_ws/install/smart_wheelchair_description
[1.009s] -- The C compiler identification is GNU 11.4.0
[1.616s] -- The CXX compiler identification is GNU 11.4.0
[1.713s] -- Detecting C compiler ABI info
[1.925s] -- Detecting C compiler ABI info - done
[1.944s] -- Check for working C compiler: /usr/bin/cc - skipped
[1.945s] -- Detecting C compile features
[1.949s] -- Detecting C compile features - done
[1.957s] -- Detecting CXX compiler ABI info
[2.250s] -- Detecting CXX compiler ABI info - done
[2.259s] -- Check for working CXX compiler: /usr/bin/c++ - skipped
[2.259s] -- Detecting CXX compile features
[2.259s] -- Detecting CXX compile features - done
[3.240s] -- Found ament_cmake: 1.3.12 (/opt/ros/humble/share/ament_cmake/cmake)
[9.060s] -- Found Python3: /usr/bin/python3 (found version "3.10.12") found components: Interpreter 
[12.480s] -- Override CMake install command with custom implementation using symlinks instead of copying resources
[15.809s] -- Found urdf: 2.6.1 (/opt/ros/humble/share/urdf/cmake)
[20.070s] -- Found ament_lint_auto: 0.12.14 (/opt/ros/humble/share/ament_lint_auto/cmake)
[23.121s] -- Added test 'flake8' to check Python code syntax and style conventions
[23.143s] -- Added test 'lint_cmake' to check CMake code style
[23.152s] -- Added test 'pep257' to check Python code against some of the docstring style conventions in PEP 257
[23.231s] -- Added test 'xmllint' to check XML markup files
[23.380s] -- Configuring done
[23.383s] -- Generating done
[23.417s] -- Build files have been written to: /home/cambitzero/wheelchair_ws/build/smart_wheelchair_description
[23.633s] Invoked command in '/home/cambitzero/wheelchair_ws/build/smart_wheelchair_description' returned '0': CMAKE_PREFIX_PATH=/opt/ros/humble /usr/bin/cmake /home/cambitzero/wheelchair_ws/src/smart_wheelchair_description -DAMENT_CMAKE_SYMLINK_INSTALL=1 -DCMAKE_INSTALL_PREFIX=/home/cambitzero/wheelchair_ws/install/smart_wheelchair_description
[23.989s] Invoking command in '/home/cambitzero/wheelchair_ws/build/smart_wheelchair_description': CMAKE_PREFIX_PATH=/opt/ros/humble /usr/bin/cmake --build /home/cambitzero/wheelchair_ws/build/smart_wheelchair_description -- -j6 -l6
[24.906s] Invoked command in '/home/cambitzero/wheelchair_ws/build/smart_wheelchair_description' returned '0': CMAKE_PREFIX_PATH=/opt/ros/humble /usr/bin/cmake --build /home/cambitzero/wheelchair_ws/build/smart_wheelchair_description -- -j6 -l6
[25.241s] Invoking command in '/home/cambitzero/wheelchair_ws/build/smart_wheelchair_description': CMAKE_PREFIX_PATH=/opt/ros/humble /usr/bin/cmake --install /home/cambitzero/wheelchair_ws/build/smart_wheelchair_description
[25.400s] -- Install configuration: ""
[25.418s] -- Execute custom install script
[25.428s] -- Symlinking: /home/cambitzero/wheelchair_ws/install/smart_wheelchair_description/share/smart_wheelchair_description/launch/gazebo.launch.py
[25.581s] -- Symlinking: /home/cambitzero/wheelchair_ws/install/smart_wheelchair_description/share/smart_wheelchair_description/urdf/wheelchair.urdf
[25.670s] -- Symlinking: /home/cambitzero/wheelchair_ws/install/smart_wheelchair_description/share/smart_wheelchair_description/worlds/hospital.world
[25.833s] -- Symlinking: /home/cambitzero/wheelchair_ws/install/smart_wheelchair_description/share/ament_index/resource_index/package_run_dependencies/smart_wheelchair_description
[26.067s] -- Symlinking: /home/cambitzero/wheelchair_ws/install/smart_wheelchair_description/share/ament_index/resource_index/parent_prefix_path/smart_wheelchair_description
[26.325s] -- Symlinking: /home/cambitzero/wheelchair_ws/install/smart_wheelchair_description/share/smart_wheelchair_description/environment/ament_prefix_path.sh
[26.589s] -- Symlinking: /home/cambitzero/wheelchair_ws/install/smart_wheelchair_description/share/smart_wheelchair_description/environment/ament_prefix_path.dsv
[26.768s] -- Symlinking: /home/cambitzero/wheelchair_ws/install/smart_wheelchair_description/share/smart_wheelchair_description/environment/path.sh
[27.067s] -- Symlinking: /home/cambitzero/wheelchair_ws/install/smart_wheelchair_description/share/smart_wheelchair_description/environment/path.dsv
[27.374s] -- Symlinking: /home/cambitzero/wheelchair_ws/install/smart_wheelchair_description/share/smart_wheelchair_description/local_setup.bash
[27.497s] -- Symlinking: /home/cambitzero/wheelchair_ws/install/smart_wheelchair_description/share/smart_wheelchair_description/local_setup.sh
[27.798s] -- Symlinking: /home/cambitzero/wheelchair_ws/install/smart_wheelchair_description/share/smart_wheelchair_description/local_setup.zsh
[27.908s] -- Symlinking: /home/cambitzero/wheelchair_ws/install/smart_wheelchair_description/share/smart_wheelchair_description/local_setup.dsv
[28.094s] -- Symlinking: /home/cambitzero/wheelchair_ws/install/smart_wheelchair_description/share/smart_wheelchair_description/package.dsv
[28.198s] -- Symlinking: /home/cambitzero/wheelchair_ws/install/smart_wheelchair_description/share/ament_index/resource_index/packages/smart_wheelchair_description
[28.251s] -- Symlinking: /home/cambitzero/wheelchair_ws/install/smart_wheelchair_description/share/smart_wheelchair_description/cmake/smart_wheelchair_descriptionConfig.cmake
[28.263s] -- Symlinking: /home/cambitzero/wheelchair_ws/install/smart_wheelchair_description/share/smart_wheelchair_description/cmake/smart_wheelchair_descriptionConfig-version.cmake
[28.276s] -- Symlinking: /home/cambitzero/wheelchair_ws/install/smart_wheelchair_description/share/smart_wheelchair_description/package.xml
[28.294s] Invoked command in '/home/cambitzero/wheelchair_ws/build/smart_wheelchair_description' returned '0': CMAKE_PREFIX_PATH=/opt/ros/humble /usr/bin/cmake --install /home/cambitzero/wheelchair_ws/build/smart_wheelchair_description
