[1.446s] DEBUG:colcon:Command line arguments: ['/usr/bin/colcon', 'build', '--symlink-install']
[1.447s] DEBUG:colcon:Parsed command line arguments: Namespace(log_base=None, log_level=None, verb_name='build', build_base='build', install_base='install', merge_install=False, symlink_install=True, test_result_base=None, continue_on_error=False, executor='parallel', parallel_workers=4, event_handlers=None, ignore_user_meta=False, metas=['./colcon.meta'], base_paths=['.'], packages_ignore=None, packages_ignore_regex=None, paths=None, packages_up_to=None, packages_up_to_regex=None, packages_above=None, packages_above_and_dependencies=None, packages_above_depth=None, packages_select_by_dep=None, packages_skip_by_dep=None, packages_skip_up_to=None, packages_select_build_failed=False, packages_skip_build_finished=False, packages_select_test_failures=False, packages_skip_test_passed=False, packages_select=None, packages_skip=None, packages_select_regex=None, packages_skip_regex=None, packages_start=None, packages_end=None, allow_overriding=[], cmake_args=None, cmake_target=None, cmake_target_skip_unavailable=False, cmake_clean_cache=False, cmake_clean_first=False, cmake_force_configure=False, ament_cmake_args=None, catkin_cmake_args=None, catkin_skip_building_tests=False, verb_parser=<colcon_defaults.argument_parser.defaults.DefaultArgumentsDecorator object at 0x77533582f700>, verb_extension=<colcon_core.verb.build.BuildVerb object at 0x77533582f160>, main=<bound method BuildVerb.main of <colcon_core.verb.build.BuildVerb object at 0x77533582f160>>)
[4.924s] Level 1:colcon.colcon_core.package_discovery:discover_packages(colcon_meta) check parameters
[4.925s] Level 1:colcon.colcon_core.package_discovery:discover_packages(recursive) check parameters
[4.926s] Level 1:colcon.colcon_core.package_discovery:discover_packages(ignore) check parameters
[4.927s] Level 1:colcon.colcon_core.package_discovery:discover_packages(path) check parameters
[4.927s] Level 1:colcon.colcon_core.package_discovery:discover_packages(colcon_meta) discover
[4.930s] Level 1:colcon.colcon_core.package_discovery:discover_packages(recursive) discover
[4.930s] INFO:colcon.colcon_core.package_discovery:Crawling recursively for packages in '/home/cambitzero/XeTuHanh/Smart-Wheelchair'
[4.931s] Level 1:colcon.colcon_core.package_identification:_identify(.) by extensions ['ignore', 'ignore_ament_install']
[4.931s] Level 1:colcon.colcon_core.package_identification:_identify(.) by extension 'ignore'
[4.932s] Level 1:colcon.colcon_core.package_identification:_identify(.) by extension 'ignore_ament_install'
[4.932s] Level 1:colcon.colcon_core.package_identification:_identify(.) by extensions ['colcon_pkg']
[4.932s] Level 1:colcon.colcon_core.package_identification:_identify(.) by extension 'colcon_pkg'
[4.932s] Level 1:colcon.colcon_core.package_identification:_identify(.) by extensions ['colcon_meta']
[4.932s] Level 1:colcon.colcon_core.package_identification:_identify(.) by extension 'colcon_meta'
[4.933s] Level 1:colcon.colcon_core.package_identification:_identify(.) by extensions ['ros']
[4.933s] Level 1:colcon.colcon_core.package_identification:_identify(.) by extension 'ros'
[5.480s] Level 1:colcon.colcon_core.package_identification:_identify(.) by extensions ['cmake', 'python']
[5.486s] Level 1:colcon.colcon_core.package_identification:_identify(.) by extension 'cmake'
[5.486s] Level 1:colcon.colcon_core.package_identification:_identify(.) by extension 'python'
[5.487s] Level 1:colcon.colcon_core.package_identification:_identify(.) by extensions ['python_setup_py']
[5.487s] Level 1:colcon.colcon_core.package_identification:_identify(.) by extension 'python_setup_py'
[5.488s] Level 1:colcon.colcon_core.package_identification:_identify(build) by extensions ['ignore', 'ignore_ament_install']
[5.488s] Level 1:colcon.colcon_core.package_identification:_identify(build) by extension 'ignore'
[5.489s] Level 1:colcon.colcon_core.package_identification:_identify(build) ignored
[5.493s] Level 1:colcon.colcon_core.package_identification:_identify(docs) by extensions ['ignore', 'ignore_ament_install']
[5.494s] Level 1:colcon.colcon_core.package_identification:_identify(docs) by extension 'ignore'
[5.495s] Level 1:colcon.colcon_core.package_identification:_identify(docs) by extension 'ignore_ament_install'
[5.495s] Level 1:colcon.colcon_core.package_identification:_identify(docs) by extensions ['colcon_pkg']
[5.495s] Level 1:colcon.colcon_core.package_identification:_identify(docs) by extension 'colcon_pkg'
[5.505s] Level 1:colcon.colcon_core.package_identification:_identify(docs) by extensions ['colcon_meta']
[5.513s] Level 1:colcon.colcon_core.package_identification:_identify(docs) by extension 'colcon_meta'
[5.514s] Level 1:colcon.colcon_core.package_identification:_identify(docs) by extensions ['ros']
[5.515s] Level 1:colcon.colcon_core.package_identification:_identify(docs) by extension 'ros'
[5.515s] Level 1:colcon.colcon_core.package_identification:_identify(docs) by extensions ['cmake', 'python']
[5.516s] Level 1:colcon.colcon_core.package_identification:_identify(docs) by extension 'cmake'
[5.516s] Level 1:colcon.colcon_core.package_identification:_identify(docs) by extension 'python'
[5.516s] Level 1:colcon.colcon_core.package_identification:_identify(docs) by extensions ['python_setup_py']
[5.516s] Level 1:colcon.colcon_core.package_identification:_identify(docs) by extension 'python_setup_py'
[5.516s] Level 1:colcon.colcon_core.package_identification:_identify(firmware) by extensions ['ignore', 'ignore_ament_install']
[5.517s] Level 1:colcon.colcon_core.package_identification:_identify(firmware) by extension 'ignore'
[5.517s] Level 1:colcon.colcon_core.package_identification:_identify(firmware) by extension 'ignore_ament_install'
[5.517s] Level 1:colcon.colcon_core.package_identification:_identify(firmware) by extensions ['colcon_pkg']
[5.517s] Level 1:colcon.colcon_core.package_identification:_identify(firmware) by extension 'colcon_pkg'
[5.517s] Level 1:colcon.colcon_core.package_identification:_identify(firmware) by extensions ['colcon_meta']
[5.517s] Level 1:colcon.colcon_core.package_identification:_identify(firmware) by extension 'colcon_meta'
[5.518s] Level 1:colcon.colcon_core.package_identification:_identify(firmware) by extensions ['ros']
[5.518s] Level 1:colcon.colcon_core.package_identification:_identify(firmware) by extension 'ros'
[5.518s] Level 1:colcon.colcon_core.package_identification:_identify(firmware) by extensions ['cmake', 'python']
[5.518s] Level 1:colcon.colcon_core.package_identification:_identify(firmware) by extension 'cmake'
[5.518s] Level 1:colcon.colcon_core.package_identification:_identify(firmware) by extension 'python'
[5.518s] Level 1:colcon.colcon_core.package_identification:_identify(firmware) by extensions ['python_setup_py']
[5.519s] Level 1:colcon.colcon_core.package_identification:_identify(firmware) by extension 'python_setup_py'
[5.532s] Level 1:colcon.colcon_core.package_identification:_identify(install) by extensions ['ignore', 'ignore_ament_install']
[5.547s] Level 1:colcon.colcon_core.package_identification:_identify(install) by extension 'ignore'
[5.549s] Level 1:colcon.colcon_core.package_identification:_identify(install) ignored
[5.550s] Level 1:colcon.colcon_core.package_identification:_identify(log) by extensions ['ignore', 'ignore_ament_install']
[5.567s] Level 1:colcon.colcon_core.package_identification:_identify(log) by extension 'ignore'
[5.567s] Level 1:colcon.colcon_core.package_identification:_identify(log) ignored
[5.572s] Level 1:colcon.colcon_core.package_identification:_identify(src) by extensions ['ignore', 'ignore_ament_install']
[5.575s] Level 1:colcon.colcon_core.package_identification:_identify(src) by extension 'ignore'
[5.580s] Level 1:colcon.colcon_core.package_identification:_identify(src) by extension 'ignore_ament_install'
[5.587s] Level 1:colcon.colcon_core.package_identification:_identify(src) by extensions ['colcon_pkg']
[5.587s] Level 1:colcon.colcon_core.package_identification:_identify(src) by extension 'colcon_pkg'
[5.589s] Level 1:colcon.colcon_core.package_identification:_identify(src) by extensions ['colcon_meta']
[5.590s] Level 1:colcon.colcon_core.package_identification:_identify(src) by extension 'colcon_meta'
[5.590s] Level 1:colcon.colcon_core.package_identification:_identify(src) by extensions ['ros']
[5.590s] Level 1:colcon.colcon_core.package_identification:_identify(src) by extension 'ros'
[5.595s] Level 1:colcon.colcon_core.package_identification:_identify(src) by extensions ['cmake', 'python']
[5.595s] Level 1:colcon.colcon_core.package_identification:_identify(src) by extension 'cmake'
[5.596s] Level 1:colcon.colcon_core.package_identification:_identify(src) by extension 'python'
[5.597s] Level 1:colcon.colcon_core.package_identification:_identify(src) by extensions ['python_setup_py']
[5.611s] Level 1:colcon.colcon_core.package_identification:_identify(src) by extension 'python_setup_py'
[5.613s] Level 1:colcon.colcon_core.package_identification:_identify(src/smart_wheelchair_description) by extensions ['ignore', 'ignore_ament_install']
[5.614s] Level 1:colcon.colcon_core.package_identification:_identify(src/smart_wheelchair_description) by extension 'ignore'
[5.615s] Level 1:colcon.colcon_core.package_identification:_identify(src/smart_wheelchair_description) by extension 'ignore_ament_install'
[5.615s] Level 1:colcon.colcon_core.package_identification:_identify(src/smart_wheelchair_description) by extensions ['colcon_pkg']
[5.616s] Level 1:colcon.colcon_core.package_identification:_identify(src/smart_wheelchair_description) by extension 'colcon_pkg'
[5.616s] Level 1:colcon.colcon_core.package_identification:_identify(src/smart_wheelchair_description) by extensions ['colcon_meta']
[5.616s] Level 1:colcon.colcon_core.package_identification:_identify(src/smart_wheelchair_description) by extension 'colcon_meta'
[5.617s] Level 1:colcon.colcon_core.package_identification:_identify(src/smart_wheelchair_description) by extensions ['ros']
[5.617s] Level 1:colcon.colcon_core.package_identification:_identify(src/smart_wheelchair_description) by extension 'ros'
[5.738s] DEBUG:colcon.colcon_core.package_identification:Package 'src/smart_wheelchair_description' with type 'ros.ament_cmake' and name 'smart_wheelchair_description'
[5.739s] Level 1:colcon.colcon_core.package_identification:_identify(src/smart_wheelchair_navigation) by extensions ['ignore', 'ignore_ament_install']
[5.739s] Level 1:colcon.colcon_core.package_identification:_identify(src/smart_wheelchair_navigation) by extension 'ignore'
[5.740s] Level 1:colcon.colcon_core.package_identification:_identify(src/smart_wheelchair_navigation) by extension 'ignore_ament_install'
[5.742s] Level 1:colcon.colcon_core.package_identification:_identify(src/smart_wheelchair_navigation) by extensions ['colcon_pkg']
[5.742s] Level 1:colcon.colcon_core.package_identification:_identify(src/smart_wheelchair_navigation) by extension 'colcon_pkg'
[5.743s] Level 1:colcon.colcon_core.package_identification:_identify(src/smart_wheelchair_navigation) by extensions ['colcon_meta']
[5.746s] Level 1:colcon.colcon_core.package_identification:_identify(src/smart_wheelchair_navigation) by extension 'colcon_meta'
[5.747s] Level 1:colcon.colcon_core.package_identification:_identify(src/smart_wheelchair_navigation) by extensions ['ros']
[5.747s] Level 1:colcon.colcon_core.package_identification:_identify(src/smart_wheelchair_navigation) by extension 'ros'
[5.768s] DEBUG:colcon.colcon_core.package_identification:Package 'src/smart_wheelchair_navigation' with type 'ros.ament_cmake' and name 'smart_wheelchair_navigation'
[5.768s] Level 1:colcon.colcon_core.package_discovery:discover_packages(recursive) using defaults
[5.769s] Level 1:colcon.colcon_core.package_discovery:discover_packages(ignore) discover
[5.769s] Level 1:colcon.colcon_core.package_discovery:discover_packages(ignore) using defaults
[5.775s] Level 1:colcon.colcon_core.package_discovery:discover_packages(path) discover
[5.776s] Level 1:colcon.colcon_core.package_discovery:discover_packages(path) using defaults
[6.180s] Level 1:colcon.colcon_core.package_discovery:discover_packages(prefix_path) check parameters
[6.181s] Level 1:colcon.colcon_core.package_discovery:discover_packages(prefix_path) discover
[6.214s] DEBUG:colcon.colcon_installed_package_information.package_discovery:Found 329 installed packages in /opt/ros/humble
[6.376s] Level 1:colcon.colcon_core.package_discovery:discover_packages(prefix_path) using defaults
[6.894s] Level 5:colcon.colcon_core.verb:set package 'smart_wheelchair_description' build argument 'cmake_args' from command line to 'None'
[6.895s] Level 5:colcon.colcon_core.verb:set package 'smart_wheelchair_description' build argument 'cmake_target' from command line to 'None'
[6.898s] Level 5:colcon.colcon_core.verb:set package 'smart_wheelchair_description' build argument 'cmake_target_skip_unavailable' from command line to 'False'
[6.899s] Level 5:colcon.colcon_core.verb:set package 'smart_wheelchair_description' build argument 'cmake_clean_cache' from command line to 'False'
[6.899s] Level 5:colcon.colcon_core.verb:set package 'smart_wheelchair_description' build argument 'cmake_clean_first' from command line to 'False'
[6.899s] Level 5:colcon.colcon_core.verb:set package 'smart_wheelchair_description' build argument 'cmake_force_configure' from command line to 'False'
[6.899s] Level 5:colcon.colcon_core.verb:set package 'smart_wheelchair_description' build argument 'ament_cmake_args' from command line to 'None'
[6.899s] Level 5:colcon.colcon_core.verb:set package 'smart_wheelchair_description' build argument 'catkin_cmake_args' from command line to 'None'
[6.899s] Level 5:colcon.colcon_core.verb:set package 'smart_wheelchair_description' build argument 'catkin_skip_building_tests' from command line to 'False'
[6.899s] DEBUG:colcon.colcon_core.verb:Building package 'smart_wheelchair_description' with the following arguments: {'ament_cmake_args': None, 'build_base': '/home/cambitzero/XeTuHanh/Smart-Wheelchair/build/smart_wheelchair_description', 'catkin_cmake_args': None, 'catkin_skip_building_tests': False, 'cmake_args': None, 'cmake_clean_cache': False, 'cmake_clean_first': False, 'cmake_force_configure': False, 'cmake_target': None, 'cmake_target_skip_unavailable': False, 'install_base': '/home/cambitzero/XeTuHanh/Smart-Wheelchair/install/smart_wheelchair_description', 'merge_install': False, 'path': '/home/cambitzero/XeTuHanh/Smart-Wheelchair/src/smart_wheelchair_description', 'symlink_install': True, 'test_result_base': None}
[6.903s] Level 5:colcon.colcon_core.verb:set package 'smart_wheelchair_navigation' build argument 'cmake_args' from command line to 'None'
[6.904s] Level 5:colcon.colcon_core.verb:set package 'smart_wheelchair_navigation' build argument 'cmake_target' from command line to 'None'
[6.904s] Level 5:colcon.colcon_core.verb:set package 'smart_wheelchair_navigation' build argument 'cmake_target_skip_unavailable' from command line to 'False'
[6.904s] Level 5:colcon.colcon_core.verb:set package 'smart_wheelchair_navigation' build argument 'cmake_clean_cache' from command line to 'False'
[6.904s] Level 5:colcon.colcon_core.verb:set package 'smart_wheelchair_navigation' build argument 'cmake_clean_first' from command line to 'False'
[6.904s] Level 5:colcon.colcon_core.verb:set package 'smart_wheelchair_navigation' build argument 'cmake_force_configure' from command line to 'False'
[6.904s] Level 5:colcon.colcon_core.verb:set package 'smart_wheelchair_navigation' build argument 'ament_cmake_args' from command line to 'None'
[6.904s] Level 5:colcon.colcon_core.verb:set package 'smart_wheelchair_navigation' build argument 'catkin_cmake_args' from command line to 'None'
[6.904s] Level 5:colcon.colcon_core.verb:set package 'smart_wheelchair_navigation' build argument 'catkin_skip_building_tests' from command line to 'False'
[6.905s] DEBUG:colcon.colcon_core.verb:Building package 'smart_wheelchair_navigation' with the following arguments: {'ament_cmake_args': None, 'build_base': '/home/cambitzero/XeTuHanh/Smart-Wheelchair/build/smart_wheelchair_navigation', 'catkin_cmake_args': None, 'catkin_skip_building_tests': False, 'cmake_args': None, 'cmake_clean_cache': False, 'cmake_clean_first': False, 'cmake_force_configure': False, 'cmake_target': None, 'cmake_target_skip_unavailable': False, 'install_base': '/home/cambitzero/XeTuHanh/Smart-Wheelchair/install/smart_wheelchair_navigation', 'merge_install': False, 'path': '/home/cambitzero/XeTuHanh/Smart-Wheelchair/src/smart_wheelchair_navigation', 'symlink_install': True, 'test_result_base': None}
[6.905s] INFO:colcon.colcon_core.executor:Executing jobs using 'parallel' executor
[6.923s] DEBUG:colcon.colcon_parallel_executor.executor.parallel:run_until_complete
[6.926s] INFO:colcon.colcon_ros.task.ament_cmake.build:Building ROS package in '/home/cambitzero/XeTuHanh/Smart-Wheelchair/src/smart_wheelchair_description' with build type 'ament_cmake'
[6.928s] INFO:colcon.colcon_cmake.task.cmake.build:Building CMake package in '/home/cambitzero/XeTuHanh/Smart-Wheelchair/src/smart_wheelchair_description'
[6.951s] INFO:colcon.colcon_core.plugin_system:Skipping extension 'colcon_core.shell.bat': Not used on non-Windows systems
[6.953s] INFO:colcon.colcon_core.shell:Skip shell extension 'powershell' for command environment: Not usable outside of PowerShell
[6.956s] DEBUG:colcon.colcon_core.shell:Skip shell extension 'dsv' for command environment
[7.408s] DEBUG:colcon.colcon_core.event_handler.log_command:Invoking command in '/home/cambitzero/XeTuHanh/Smart-Wheelchair/build/smart_wheelchair_description': CMAKE_PREFIX_PATH=/opt/ros/humble /usr/bin/cmake --build /home/cambitzero/XeTuHanh/Smart-Wheelchair/build/smart_wheelchair_description -- -j4 -l4
[8.179s] DEBUG:colcon.colcon_core.event_handler.log_command:Invoked command in '/home/cambitzero/XeTuHanh/Smart-Wheelchair/build/smart_wheelchair_description' returned '0': CMAKE_PREFIX_PATH=/opt/ros/humble /usr/bin/cmake --build /home/cambitzero/XeTuHanh/Smart-Wheelchair/build/smart_wheelchair_description -- -j4 -l4
[8.368s] DEBUG:colcon.colcon_core.event_handler.log_command:Invoking command in '/home/cambitzero/XeTuHanh/Smart-Wheelchair/build/smart_wheelchair_description': CMAKE_PREFIX_PATH=/opt/ros/humble /usr/bin/cmake --install /home/cambitzero/XeTuHanh/Smart-Wheelchair/build/smart_wheelchair_description
[8.897s] Level 1:colcon.colcon_core.environment:create_environment_scripts_only(smart_wheelchair_description)
[8.901s] DEBUG:colcon.colcon_core.event_handler.log_command:Invoked command in '/home/cambitzero/XeTuHanh/Smart-Wheelchair/build/smart_wheelchair_description' returned '0': CMAKE_PREFIX_PATH=/opt/ros/humble /usr/bin/cmake --install /home/cambitzero/XeTuHanh/Smart-Wheelchair/build/smart_wheelchair_description
[8.922s] Level 1:colcon.colcon_core.environment:checking '/home/cambitzero/XeTuHanh/Smart-Wheelchair/install/smart_wheelchair_description' for CMake module files
[8.954s] Level 1:colcon.colcon_core.environment:checking '/home/cambitzero/XeTuHanh/Smart-Wheelchair/install/smart_wheelchair_description' for CMake config files
[8.954s] Level 1:colcon.colcon_core.shell:create_environment_hook('smart_wheelchair_description', 'cmake_prefix_path')
[8.955s] INFO:colcon.colcon_core.shell:Creating environment hook '/home/cambitzero/XeTuHanh/Smart-Wheelchair/install/smart_wheelchair_description/share/smart_wheelchair_description/hook/cmake_prefix_path.ps1'
[8.965s] INFO:colcon.colcon_core.shell:Creating environment descriptor '/home/cambitzero/XeTuHanh/Smart-Wheelchair/install/smart_wheelchair_description/share/smart_wheelchair_description/hook/cmake_prefix_path.dsv'
[8.987s] INFO:colcon.colcon_core.shell:Creating environment hook '/home/cambitzero/XeTuHanh/Smart-Wheelchair/install/smart_wheelchair_description/share/smart_wheelchair_description/hook/cmake_prefix_path.sh'
[8.993s] Level 1:colcon.colcon_core.environment:checking '/home/cambitzero/XeTuHanh/Smart-Wheelchair/install/smart_wheelchair_description/bin'
[8.993s] Level 1:colcon.colcon_core.environment:checking '/home/cambitzero/XeTuHanh/Smart-Wheelchair/install/smart_wheelchair_description/lib/pkgconfig/smart_wheelchair_description.pc'
[8.994s] Level 1:colcon.colcon_core.environment:checking '/home/cambitzero/XeTuHanh/Smart-Wheelchair/install/smart_wheelchair_description/lib/python3.10/site-packages'
[8.995s] Level 1:colcon.colcon_core.environment:checking '/home/cambitzero/XeTuHanh/Smart-Wheelchair/install/smart_wheelchair_description/bin'
[8.995s] INFO:colcon.colcon_core.shell:Creating package script '/home/cambitzero/XeTuHanh/Smart-Wheelchair/install/smart_wheelchair_description/share/smart_wheelchair_description/package.ps1'
[9.018s] INFO:colcon.colcon_core.shell:Creating package descriptor '/home/cambitzero/XeTuHanh/Smart-Wheelchair/install/smart_wheelchair_description/share/smart_wheelchair_description/package.dsv'
[9.101s] INFO:colcon.colcon_core.shell:Creating package script '/home/cambitzero/XeTuHanh/Smart-Wheelchair/install/smart_wheelchair_description/share/smart_wheelchair_description/package.sh'
[9.104s] INFO:colcon.colcon_core.shell:Creating package script '/home/cambitzero/XeTuHanh/Smart-Wheelchair/install/smart_wheelchair_description/share/smart_wheelchair_description/package.bash'
[9.134s] INFO:colcon.colcon_core.shell:Creating package script '/home/cambitzero/XeTuHanh/Smart-Wheelchair/install/smart_wheelchair_description/share/smart_wheelchair_description/package.zsh'
[9.139s] Level 1:colcon.colcon_core.environment:create_file_with_runtime_dependencies(/home/cambitzero/XeTuHanh/Smart-Wheelchair/install/smart_wheelchair_description/share/colcon-core/packages/smart_wheelchair_description)
[9.153s] Level 1:colcon.colcon_core.environment:create_environment_scripts_only(smart_wheelchair_description)
[9.154s] Level 1:colcon.colcon_core.environment:checking '/home/cambitzero/XeTuHanh/Smart-Wheelchair/install/smart_wheelchair_description' for CMake module files
[9.185s] Level 1:colcon.colcon_core.environment:checking '/home/cambitzero/XeTuHanh/Smart-Wheelchair/install/smart_wheelchair_description' for CMake config files
[9.219s] Level 1:colcon.colcon_core.shell:create_environment_hook('smart_wheelchair_description', 'cmake_prefix_path')
[9.231s] INFO:colcon.colcon_core.shell:Creating environment hook '/home/cambitzero/XeTuHanh/Smart-Wheelchair/install/smart_wheelchair_description/share/smart_wheelchair_description/hook/cmake_prefix_path.ps1'
[9.238s] INFO:colcon.colcon_core.shell:Creating environment descriptor '/home/cambitzero/XeTuHanh/Smart-Wheelchair/install/smart_wheelchair_description/share/smart_wheelchair_description/hook/cmake_prefix_path.dsv'
[9.258s] INFO:colcon.colcon_core.shell:Creating environment hook '/home/cambitzero/XeTuHanh/Smart-Wheelchair/install/smart_wheelchair_description/share/smart_wheelchair_description/hook/cmake_prefix_path.sh'
[9.264s] Level 1:colcon.colcon_core.environment:checking '/home/cambitzero/XeTuHanh/Smart-Wheelchair/install/smart_wheelchair_description/bin'
[9.264s] Level 1:colcon.colcon_core.environment:checking '/home/cambitzero/XeTuHanh/Smart-Wheelchair/install/smart_wheelchair_description/lib/pkgconfig/smart_wheelchair_description.pc'
[9.265s] Level 1:colcon.colcon_core.environment:checking '/home/cambitzero/XeTuHanh/Smart-Wheelchair/install/smart_wheelchair_description/lib/python3.10/site-packages'
[9.267s] Level 1:colcon.colcon_core.environment:checking '/home/cambitzero/XeTuHanh/Smart-Wheelchair/install/smart_wheelchair_description/bin'
[9.268s] INFO:colcon.colcon_core.shell:Creating package script '/home/cambitzero/XeTuHanh/Smart-Wheelchair/install/smart_wheelchair_description/share/smart_wheelchair_description/package.ps1'
[9.269s] INFO:colcon.colcon_core.shell:Creating package descriptor '/home/cambitzero/XeTuHanh/Smart-Wheelchair/install/smart_wheelchair_description/share/smart_wheelchair_description/package.dsv'
[9.271s] INFO:colcon.colcon_core.shell:Creating package script '/home/cambitzero/XeTuHanh/Smart-Wheelchair/install/smart_wheelchair_description/share/smart_wheelchair_description/package.sh'
[9.273s] INFO:colcon.colcon_core.shell:Creating package script '/home/cambitzero/XeTuHanh/Smart-Wheelchair/install/smart_wheelchair_description/share/smart_wheelchair_description/package.bash'
[9.275s] INFO:colcon.colcon_core.shell:Creating package script '/home/cambitzero/XeTuHanh/Smart-Wheelchair/install/smart_wheelchair_description/share/smart_wheelchair_description/package.zsh'
[9.277s] Level 1:colcon.colcon_core.environment:create_file_with_runtime_dependencies(/home/cambitzero/XeTuHanh/Smart-Wheelchair/install/smart_wheelchair_description/share/colcon-core/packages/smart_wheelchair_description)
[9.282s] INFO:colcon.colcon_ros.task.ament_cmake.build:Building ROS package in '/home/cambitzero/XeTuHanh/Smart-Wheelchair/src/smart_wheelchair_navigation' with build type 'ament_cmake'
[9.283s] INFO:colcon.colcon_cmake.task.cmake.build:Building CMake package in '/home/cambitzero/XeTuHanh/Smart-Wheelchair/src/smart_wheelchair_navigation'
[9.286s] INFO:colcon.colcon_core.shell:Skip shell extension 'powershell' for command environment: Not usable outside of PowerShell
[9.289s] DEBUG:colcon.colcon_core.shell:Skip shell extension 'dsv' for command environment
[9.521s] DEBUG:colcon.colcon_core.event_handler.log_command:Invoking command in '/home/cambitzero/XeTuHanh/Smart-Wheelchair/build/smart_wheelchair_navigation': AMENT_PREFIX_PATH=/home/cambitzero/XeTuHanh/Smart-Wheelchair/install/smart_wheelchair_description:${AMENT_PREFIX_PATH} CMAKE_PREFIX_PATH=/home/cambitzero/XeTuHanh/Smart-Wheelchair/install/smart_wheelchair_description:/opt/ros/humble /usr/bin/cmake --build /home/cambitzero/XeTuHanh/Smart-Wheelchair/build/smart_wheelchair_navigation -- -j4 -l4
[10.342s] DEBUG:colcon.colcon_core.event_handler.log_command:Invoked command in '/home/cambitzero/XeTuHanh/Smart-Wheelchair/build/smart_wheelchair_navigation' returned '0': AMENT_PREFIX_PATH=/home/cambitzero/XeTuHanh/Smart-Wheelchair/install/smart_wheelchair_description:${AMENT_PREFIX_PATH} CMAKE_PREFIX_PATH=/home/cambitzero/XeTuHanh/Smart-Wheelchair/install/smart_wheelchair_description:/opt/ros/humble /usr/bin/cmake --build /home/cambitzero/XeTuHanh/Smart-Wheelchair/build/smart_wheelchair_navigation -- -j4 -l4
[10.368s] DEBUG:colcon.colcon_core.event_handler.log_command:Invoking command in '/home/cambitzero/XeTuHanh/Smart-Wheelchair/build/smart_wheelchair_navigation': AMENT_PREFIX_PATH=/home/cambitzero/XeTuHanh/Smart-Wheelchair/install/smart_wheelchair_description:${AMENT_PREFIX_PATH} CMAKE_PREFIX_PATH=/home/cambitzero/XeTuHanh/Smart-Wheelchair/install/smart_wheelchair_description:/opt/ros/humble /usr/bin/cmake --install /home/cambitzero/XeTuHanh/Smart-Wheelchair/build/smart_wheelchair_navigation
[11.541s] Level 1:colcon.colcon_core.environment:create_environment_scripts_only(smart_wheelchair_navigation)
[11.543s] Level 1:colcon.colcon_core.environment:checking '/home/cambitzero/XeTuHanh/Smart-Wheelchair/install/smart_wheelchair_navigation' for CMake module files
[11.575s] Level 1:colcon.colcon_core.environment:checking '/home/cambitzero/XeTuHanh/Smart-Wheelchair/install/smart_wheelchair_navigation' for CMake config files
[11.621s] DEBUG:colcon.colcon_core.event_handler.log_command:Invoked command in '/home/cambitzero/XeTuHanh/Smart-Wheelchair/build/smart_wheelchair_navigation' returned '0': AMENT_PREFIX_PATH=/home/cambitzero/XeTuHanh/Smart-Wheelchair/install/smart_wheelchair_description:${AMENT_PREFIX_PATH} CMAKE_PREFIX_PATH=/home/cambitzero/XeTuHanh/Smart-Wheelchair/install/smart_wheelchair_description:/opt/ros/humble /usr/bin/cmake --install /home/cambitzero/XeTuHanh/Smart-Wheelchair/build/smart_wheelchair_navigation
[11.625s] Level 1:colcon.colcon_core.shell:create_environment_hook('smart_wheelchair_navigation', 'cmake_prefix_path')
[11.633s] INFO:colcon.colcon_core.shell:Creating environment hook '/home/cambitzero/XeTuHanh/Smart-Wheelchair/install/smart_wheelchair_navigation/share/smart_wheelchair_navigation/hook/cmake_prefix_path.ps1'
[11.652s] INFO:colcon.colcon_core.shell:Creating environment descriptor '/home/cambitzero/XeTuHanh/Smart-Wheelchair/install/smart_wheelchair_navigation/share/smart_wheelchair_navigation/hook/cmake_prefix_path.dsv'
[11.661s] INFO:colcon.colcon_core.shell:Creating environment hook '/home/cambitzero/XeTuHanh/Smart-Wheelchair/install/smart_wheelchair_navigation/share/smart_wheelchair_navigation/hook/cmake_prefix_path.sh'
[11.688s] Level 1:colcon.colcon_core.environment:checking '/home/cambitzero/XeTuHanh/Smart-Wheelchair/install/smart_wheelchair_navigation/bin'
[11.749s] Level 1:colcon.colcon_core.environment:checking '/home/cambitzero/XeTuHanh/Smart-Wheelchair/install/smart_wheelchair_navigation/lib/pkgconfig/smart_wheelchair_navigation.pc'
[11.765s] Level 1:colcon.colcon_core.environment:checking '/home/cambitzero/XeTuHanh/Smart-Wheelchair/install/smart_wheelchair_navigation/lib/python3.10/site-packages'
[11.823s] Level 1:colcon.colcon_core.environment:checking '/home/cambitzero/XeTuHanh/Smart-Wheelchair/install/smart_wheelchair_navigation/bin'
[11.825s] INFO:colcon.colcon_core.shell:Creating package script '/home/cambitzero/XeTuHanh/Smart-Wheelchair/install/smart_wheelchair_navigation/share/smart_wheelchair_navigation/package.ps1'
[11.855s] INFO:colcon.colcon_core.shell:Creating package descriptor '/home/cambitzero/XeTuHanh/Smart-Wheelchair/install/smart_wheelchair_navigation/share/smart_wheelchair_navigation/package.dsv'
[11.858s] INFO:colcon.colcon_core.shell:Creating package script '/home/cambitzero/XeTuHanh/Smart-Wheelchair/install/smart_wheelchair_navigation/share/smart_wheelchair_navigation/package.sh'
[11.860s] INFO:colcon.colcon_core.shell:Creating package script '/home/cambitzero/XeTuHanh/Smart-Wheelchair/install/smart_wheelchair_navigation/share/smart_wheelchair_navigation/package.bash'
[11.866s] INFO:colcon.colcon_core.shell:Creating package script '/home/cambitzero/XeTuHanh/Smart-Wheelchair/install/smart_wheelchair_navigation/share/smart_wheelchair_navigation/package.zsh'
[11.913s] Level 1:colcon.colcon_core.environment:create_file_with_runtime_dependencies(/home/cambitzero/XeTuHanh/Smart-Wheelchair/install/smart_wheelchair_navigation/share/colcon-core/packages/smart_wheelchair_navigation)
[11.991s] Level 1:colcon.colcon_core.environment:create_environment_scripts_only(smart_wheelchair_navigation)
[11.998s] Level 1:colcon.colcon_core.environment:checking '/home/cambitzero/XeTuHanh/Smart-Wheelchair/install/smart_wheelchair_navigation' for CMake module files
[12.011s] Level 1:colcon.colcon_core.environment:checking '/home/cambitzero/XeTuHanh/Smart-Wheelchair/install/smart_wheelchair_navigation' for CMake config files
[12.021s] Level 1:colcon.colcon_core.shell:create_environment_hook('smart_wheelchair_navigation', 'cmake_prefix_path')
[12.026s] INFO:colcon.colcon_core.shell:Creating environment hook '/home/cambitzero/XeTuHanh/Smart-Wheelchair/install/smart_wheelchair_navigation/share/smart_wheelchair_navigation/hook/cmake_prefix_path.ps1'
[12.068s] INFO:colcon.colcon_core.shell:Creating environment descriptor '/home/cambitzero/XeTuHanh/Smart-Wheelchair/install/smart_wheelchair_navigation/share/smart_wheelchair_navigation/hook/cmake_prefix_path.dsv'
[12.146s] INFO:colcon.colcon_core.shell:Creating environment hook '/home/cambitzero/XeTuHanh/Smart-Wheelchair/install/smart_wheelchair_navigation/share/smart_wheelchair_navigation/hook/cmake_prefix_path.sh'
[12.179s] Level 1:colcon.colcon_core.environment:checking '/home/cambitzero/XeTuHanh/Smart-Wheelchair/install/smart_wheelchair_navigation/bin'
[12.180s] Level 1:colcon.colcon_core.environment:checking '/home/cambitzero/XeTuHanh/Smart-Wheelchair/install/smart_wheelchair_navigation/lib/pkgconfig/smart_wheelchair_navigation.pc'
[12.181s] Level 1:colcon.colcon_core.environment:checking '/home/cambitzero/XeTuHanh/Smart-Wheelchair/install/smart_wheelchair_navigation/lib/python3.10/site-packages'
[12.182s] Level 1:colcon.colcon_core.environment:checking '/home/cambitzero/XeTuHanh/Smart-Wheelchair/install/smart_wheelchair_navigation/bin'
[12.183s] INFO:colcon.colcon_core.shell:Creating package script '/home/cambitzero/XeTuHanh/Smart-Wheelchair/install/smart_wheelchair_navigation/share/smart_wheelchair_navigation/package.ps1'
[12.198s] INFO:colcon.colcon_core.shell:Creating package descriptor '/home/cambitzero/XeTuHanh/Smart-Wheelchair/install/smart_wheelchair_navigation/share/smart_wheelchair_navigation/package.dsv'
[12.215s] INFO:colcon.colcon_core.shell:Creating package script '/home/cambitzero/XeTuHanh/Smart-Wheelchair/install/smart_wheelchair_navigation/share/smart_wheelchair_navigation/package.sh'
[12.231s] INFO:colcon.colcon_core.shell:Creating package script '/home/cambitzero/XeTuHanh/Smart-Wheelchair/install/smart_wheelchair_navigation/share/smart_wheelchair_navigation/package.bash'
[12.298s] INFO:colcon.colcon_core.shell:Creating package script '/home/cambitzero/XeTuHanh/Smart-Wheelchair/install/smart_wheelchair_navigation/share/smart_wheelchair_navigation/package.zsh'
[12.317s] Level 1:colcon.colcon_core.environment:create_file_with_runtime_dependencies(/home/cambitzero/XeTuHanh/Smart-Wheelchair/install/smart_wheelchair_navigation/share/colcon-core/packages/smart_wheelchair_navigation)
[12.320s] DEBUG:colcon.colcon_parallel_executor.executor.parallel:closing loop
[12.320s] DEBUG:colcon.colcon_parallel_executor.executor.parallel:loop closed
[12.320s] DEBUG:colcon.colcon_parallel_executor.executor.parallel:run_until_complete finished with '0'
[12.320s] DEBUG:colcon.colcon_core.event_reactor:joining thread
[12.554s] INFO:colcon.colcon_core.plugin_system:Skipping extension 'colcon_notification.desktop_notification.terminal_notifier': Not used on non-Darwin systems
[12.554s] INFO:colcon.colcon_core.plugin_system:Skipping extension 'colcon_notification.desktop_notification.win32': Not used on non-Windows systems
[12.554s] INFO:colcon.colcon_notification.desktop_notification:Sending desktop notification using 'notify2'
[13.166s] DEBUG:colcon.colcon_core.event_reactor:joined thread
[13.175s] INFO:colcon.colcon_core.shell:Creating prefix script '/home/cambitzero/XeTuHanh/Smart-Wheelchair/install/local_setup.ps1'
[13.220s] INFO:colcon.colcon_core.shell:Creating prefix util module '/home/cambitzero/XeTuHanh/Smart-Wheelchair/install/_local_setup_util_ps1.py'
[13.276s] INFO:colcon.colcon_core.shell:Creating prefix chain script '/home/cambitzero/XeTuHanh/Smart-Wheelchair/install/setup.ps1'
[13.310s] INFO:colcon.colcon_core.shell:Creating prefix script '/home/cambitzero/XeTuHanh/Smart-Wheelchair/install/local_setup.sh'
[13.321s] INFO:colcon.colcon_core.shell:Creating prefix util module '/home/cambitzero/XeTuHanh/Smart-Wheelchair/install/_local_setup_util_sh.py'
[13.332s] INFO:colcon.colcon_core.shell:Creating prefix chain script '/home/cambitzero/XeTuHanh/Smart-Wheelchair/install/setup.sh'
[13.345s] INFO:colcon.colcon_core.shell:Creating prefix script '/home/cambitzero/XeTuHanh/Smart-Wheelchair/install/local_setup.bash'
[13.355s] INFO:colcon.colcon_core.shell:Creating prefix chain script '/home/cambitzero/XeTuHanh/Smart-Wheelchair/install/setup.bash'
[13.374s] INFO:colcon.colcon_core.shell:Creating prefix script '/home/cambitzero/XeTuHanh/Smart-Wheelchair/install/local_setup.zsh'
[13.386s] INFO:colcon.colcon_core.shell:Creating prefix chain script '/home/cambitzero/XeTuHanh/Smart-Wheelchair/install/setup.zsh'
