[0.213s] DEBUG:colcon:Command line arguments: ['/usr/bin/colcon', 'build', '--symlink-install']
[0.214s] DEBUG:colcon:Parsed command line arguments: Namespace(log_base=None, log_level=None, verb_name='build', build_base='build', install_base='install', merge_install=False, symlink_install=True, test_result_base=None, continue_on_error=False, executor='parallel', parallel_workers=6, event_handlers=None, ignore_user_meta=False, metas=['./colcon.meta'], base_paths=['.'], packages_ignore=None, packages_ignore_regex=None, paths=None, packages_up_to=None, packages_up_to_regex=None, packages_above=None, packages_above_and_dependencies=None, packages_above_depth=None, packages_select_by_dep=None, packages_skip_by_dep=None, packages_skip_up_to=None, packages_select_build_failed=False, packages_skip_build_finished=False, packages_select_test_failures=False, packages_skip_test_passed=False, packages_select=None, packages_skip=None, packages_select_regex=None, packages_skip_regex=None, packages_start=None, packages_end=None, allow_overriding=[], cmake_args=None, cmake_target=None, cmake_target_skip_unavailable=False, cmake_clean_cache=False, cmake_clean_first=False, cmake_force_configure=False, ament_cmake_args=None, catkin_cmake_args=None, catkin_skip_building_tests=False, verb_parser=<colcon_defaults.argument_parser.defaults.DefaultArgumentsDecorator object at 0x7cb3c382b910>, verb_extension=<colcon_core.verb.build.BuildVerb object at 0x7cb3c382b370>, main=<bound method BuildVerb.main of <colcon_core.verb.build.BuildVerb object at 0x7cb3c382b370>>)
[0.454s] Level 1:colcon.colcon_core.package_discovery:discover_packages(colcon_meta) check parameters
[0.454s] Level 1:colcon.colcon_core.package_discovery:discover_packages(recursive) check parameters
[0.454s] Level 1:colcon.colcon_core.package_discovery:discover_packages(ignore) check parameters
[0.454s] Level 1:colcon.colcon_core.package_discovery:discover_packages(path) check parameters
[0.454s] Level 1:colcon.colcon_core.package_discovery:discover_packages(colcon_meta) discover
[0.454s] Level 1:colcon.colcon_core.package_discovery:discover_packages(recursive) discover
[0.454s] INFO:colcon.colcon_core.package_discovery:Crawling recursively for packages in '/home/cambitzero/wheelchair_ws'
[0.454s] Level 1:colcon.colcon_core.package_identification:_identify(.) by extensions ['ignore', 'ignore_ament_install']
[0.454s] Level 1:colcon.colcon_core.package_identification:_identify(.) by extension 'ignore'
[0.454s] Level 1:colcon.colcon_core.package_identification:_identify(.) by extension 'ignore_ament_install'
[0.455s] Level 1:colcon.colcon_core.package_identification:_identify(.) by extensions ['colcon_pkg']
[0.455s] Level 1:colcon.colcon_core.package_identification:_identify(.) by extension 'colcon_pkg'
[0.455s] Level 1:colcon.colcon_core.package_identification:_identify(.) by extensions ['colcon_meta']
[0.455s] Level 1:colcon.colcon_core.package_identification:_identify(.) by extension 'colcon_meta'
[0.455s] Level 1:colcon.colcon_core.package_identification:_identify(.) by extensions ['ros']
[0.455s] Level 1:colcon.colcon_core.package_identification:_identify(.) by extension 'ros'
[0.466s] Level 1:colcon.colcon_core.package_identification:_identify(.) by extensions ['cmake', 'python']
[0.466s] Level 1:colcon.colcon_core.package_identification:_identify(.) by extension 'cmake'
[0.466s] Level 1:colcon.colcon_core.package_identification:_identify(.) by extension 'python'
[0.466s] Level 1:colcon.colcon_core.package_identification:_identify(.) by extensions ['python_setup_py']
[0.466s] Level 1:colcon.colcon_core.package_identification:_identify(.) by extension 'python_setup_py'
[0.466s] Level 1:colcon.colcon_core.package_identification:_identify(build) by extensions ['ignore', 'ignore_ament_install']
[0.467s] Level 1:colcon.colcon_core.package_identification:_identify(build) by extension 'ignore'
[0.467s] Level 1:colcon.colcon_core.package_identification:_identify(build) ignored
[0.467s] Level 1:colcon.colcon_core.package_identification:_identify(docs) by extensions ['ignore', 'ignore_ament_install']
[0.467s] Level 1:colcon.colcon_core.package_identification:_identify(docs) by extension 'ignore'
[0.467s] Level 1:colcon.colcon_core.package_identification:_identify(docs) by extension 'ignore_ament_install'
[0.467s] Level 1:colcon.colcon_core.package_identification:_identify(docs) by extensions ['colcon_pkg']
[0.467s] Level 1:colcon.colcon_core.package_identification:_identify(docs) by extension 'colcon_pkg'
[0.467s] Level 1:colcon.colcon_core.package_identification:_identify(docs) by extensions ['colcon_meta']
[0.467s] Level 1:colcon.colcon_core.package_identification:_identify(docs) by extension 'colcon_meta'
[0.467s] Level 1:colcon.colcon_core.package_identification:_identify(docs) by extensions ['ros']
[0.467s] Level 1:colcon.colcon_core.package_identification:_identify(docs) by extension 'ros'
[0.467s] Level 1:colcon.colcon_core.package_identification:_identify(docs) by extensions ['cmake', 'python']
[0.467s] Level 1:colcon.colcon_core.package_identification:_identify(docs) by extension 'cmake'
[0.467s] Level 1:colcon.colcon_core.package_identification:_identify(docs) by extension 'python'
[0.467s] Level 1:colcon.colcon_core.package_identification:_identify(docs) by extensions ['python_setup_py']
[0.467s] Level 1:colcon.colcon_core.package_identification:_identify(docs) by extension 'python_setup_py'
[0.467s] Level 1:colcon.colcon_core.package_identification:_identify(firmware) by extensions ['ignore', 'ignore_ament_install']
[0.467s] Level 1:colcon.colcon_core.package_identification:_identify(firmware) by extension 'ignore'
[0.467s] Level 1:colcon.colcon_core.package_identification:_identify(firmware) by extension 'ignore_ament_install'
[0.467s] Level 1:colcon.colcon_core.package_identification:_identify(firmware) by extensions ['colcon_pkg']
[0.467s] Level 1:colcon.colcon_core.package_identification:_identify(firmware) by extension 'colcon_pkg'
[0.467s] Level 1:colcon.colcon_core.package_identification:_identify(firmware) by extensions ['colcon_meta']
[0.467s] Level 1:colcon.colcon_core.package_identification:_identify(firmware) by extension 'colcon_meta'
[0.468s] Level 1:colcon.colcon_core.package_identification:_identify(firmware) by extensions ['ros']
[0.468s] Level 1:colcon.colcon_core.package_identification:_identify(firmware) by extension 'ros'
[0.468s] Level 1:colcon.colcon_core.package_identification:_identify(firmware) by extensions ['cmake', 'python']
[0.468s] Level 1:colcon.colcon_core.package_identification:_identify(firmware) by extension 'cmake'
[0.468s] Level 1:colcon.colcon_core.package_identification:_identify(firmware) by extension 'python'
[0.468s] Level 1:colcon.colcon_core.package_identification:_identify(firmware) by extensions ['python_setup_py']
[0.468s] Level 1:colcon.colcon_core.package_identification:_identify(firmware) by extension 'python_setup_py'
[0.468s] Level 1:colcon.colcon_core.package_identification:_identify(install) by extensions ['ignore', 'ignore_ament_install']
[0.468s] Level 1:colcon.colcon_core.package_identification:_identify(install) by extension 'ignore'
[0.468s] Level 1:colcon.colcon_core.package_identification:_identify(install) ignored
[0.468s] Level 1:colcon.colcon_core.package_identification:_identify(log) by extensions ['ignore', 'ignore_ament_install']
[0.468s] Level 1:colcon.colcon_core.package_identification:_identify(log) by extension 'ignore'
[0.468s] Level 1:colcon.colcon_core.package_identification:_identify(log) ignored
[0.468s] Level 1:colcon.colcon_core.package_identification:_identify(src) by extensions ['ignore', 'ignore_ament_install']
[0.468s] Level 1:colcon.colcon_core.package_identification:_identify(src) by extension 'ignore'
[0.468s] Level 1:colcon.colcon_core.package_identification:_identify(src) by extension 'ignore_ament_install'
[0.468s] Level 1:colcon.colcon_core.package_identification:_identify(src) by extensions ['colcon_pkg']
[0.468s] Level 1:colcon.colcon_core.package_identification:_identify(src) by extension 'colcon_pkg'
[0.468s] Level 1:colcon.colcon_core.package_identification:_identify(src) by extensions ['colcon_meta']
[0.468s] Level 1:colcon.colcon_core.package_identification:_identify(src) by extension 'colcon_meta'
[0.468s] Level 1:colcon.colcon_core.package_identification:_identify(src) by extensions ['ros']
[0.468s] Level 1:colcon.colcon_core.package_identification:_identify(src) by extension 'ros'
[0.468s] Level 1:colcon.colcon_core.package_identification:_identify(src) by extensions ['cmake', 'python']
[0.468s] Level 1:colcon.colcon_core.package_identification:_identify(src) by extension 'cmake'
[0.468s] Level 1:colcon.colcon_core.package_identification:_identify(src) by extension 'python'
[0.468s] Level 1:colcon.colcon_core.package_identification:_identify(src) by extensions ['python_setup_py']
[0.468s] Level 1:colcon.colcon_core.package_identification:_identify(src) by extension 'python_setup_py'
[0.469s] Level 1:colcon.colcon_core.package_identification:_identify(src/Smart-Wheelchair) by extensions ['ignore', 'ignore_ament_install']
[0.469s] Level 1:colcon.colcon_core.package_identification:_identify(src/Smart-Wheelchair) by extension 'ignore'
[0.469s] Level 1:colcon.colcon_core.package_identification:_identify(src/Smart-Wheelchair) by extension 'ignore_ament_install'
[0.469s] Level 1:colcon.colcon_core.package_identification:_identify(src/Smart-Wheelchair) by extensions ['colcon_pkg']
[0.469s] Level 1:colcon.colcon_core.package_identification:_identify(src/Smart-Wheelchair) by extension 'colcon_pkg'
[0.469s] Level 1:colcon.colcon_core.package_identification:_identify(src/Smart-Wheelchair) by extensions ['colcon_meta']
[0.469s] Level 1:colcon.colcon_core.package_identification:_identify(src/Smart-Wheelchair) by extension 'colcon_meta'
[0.469s] Level 1:colcon.colcon_core.package_identification:_identify(src/Smart-Wheelchair) by extensions ['ros']
[0.469s] Level 1:colcon.colcon_core.package_identification:_identify(src/Smart-Wheelchair) by extension 'ros'
[0.469s] Level 1:colcon.colcon_core.package_identification:_identify(src/Smart-Wheelchair) by extensions ['cmake', 'python']
[0.469s] Level 1:colcon.colcon_core.package_identification:_identify(src/Smart-Wheelchair) by extension 'cmake'
[0.469s] Level 1:colcon.colcon_core.package_identification:_identify(src/Smart-Wheelchair) by extension 'python'
[0.469s] Level 1:colcon.colcon_core.package_identification:_identify(src/Smart-Wheelchair) by extensions ['python_setup_py']
[0.469s] Level 1:colcon.colcon_core.package_identification:_identify(src/Smart-Wheelchair) by extension 'python_setup_py'
[0.469s] Level 1:colcon.colcon_core.package_identification:_identify(src/Smart-Wheelchair/smart_wheelchair_description) by extensions ['ignore', 'ignore_ament_install']
[0.469s] Level 1:colcon.colcon_core.package_identification:_identify(src/Smart-Wheelchair/smart_wheelchair_description) by extension 'ignore'
[0.469s] Level 1:colcon.colcon_core.package_identification:_identify(src/Smart-Wheelchair/smart_wheelchair_description) by extension 'ignore_ament_install'
[0.469s] Level 1:colcon.colcon_core.package_identification:_identify(src/Smart-Wheelchair/smart_wheelchair_description) by extensions ['colcon_pkg']
[0.469s] Level 1:colcon.colcon_core.package_identification:_identify(src/Smart-Wheelchair/smart_wheelchair_description) by extension 'colcon_pkg'
[0.469s] Level 1:colcon.colcon_core.package_identification:_identify(src/Smart-Wheelchair/smart_wheelchair_description) by extensions ['colcon_meta']
[0.469s] Level 1:colcon.colcon_core.package_identification:_identify(src/Smart-Wheelchair/smart_wheelchair_description) by extension 'colcon_meta'
[0.469s] Level 1:colcon.colcon_core.package_identification:_identify(src/Smart-Wheelchair/smart_wheelchair_description) by extensions ['ros']
[0.469s] Level 1:colcon.colcon_core.package_identification:_identify(src/Smart-Wheelchair/smart_wheelchair_description) by extension 'ros'
[0.469s] Level 1:colcon.colcon_core.package_identification:_identify(src/Smart-Wheelchair/smart_wheelchair_description) by extensions ['cmake', 'python']
[0.469s] Level 1:colcon.colcon_core.package_identification:_identify(src/Smart-Wheelchair/smart_wheelchair_description) by extension 'cmake'
[0.469s] Level 1:colcon.colcon_core.package_identification:_identify(src/Smart-Wheelchair/smart_wheelchair_description) by extension 'python'
[0.470s] Level 1:colcon.colcon_core.package_identification:_identify(src/Smart-Wheelchair/smart_wheelchair_description) by extensions ['python_setup_py']
[0.470s] Level 1:colcon.colcon_core.package_identification:_identify(src/Smart-Wheelchair/smart_wheelchair_description) by extension 'python_setup_py'
[0.470s] Level 1:colcon.colcon_core.package_identification:_identify(src/Smart-Wheelchair/smart_wheelchair_description/include) by extensions ['ignore', 'ignore_ament_install']
[0.470s] Level 1:colcon.colcon_core.package_identification:_identify(src/Smart-Wheelchair/smart_wheelchair_description/include) by extension 'ignore'
[0.470s] Level 1:colcon.colcon_core.package_identification:_identify(src/Smart-Wheelchair/smart_wheelchair_description/include) by extension 'ignore_ament_install'
[0.470s] Level 1:colcon.colcon_core.package_identification:_identify(src/Smart-Wheelchair/smart_wheelchair_description/include) by extensions ['colcon_pkg']
[0.470s] Level 1:colcon.colcon_core.package_identification:_identify(src/Smart-Wheelchair/smart_wheelchair_description/include) by extension 'colcon_pkg'
[0.470s] Level 1:colcon.colcon_core.package_identification:_identify(src/Smart-Wheelchair/smart_wheelchair_description/include) by extensions ['colcon_meta']
[0.470s] Level 1:colcon.colcon_core.package_identification:_identify(src/Smart-Wheelchair/smart_wheelchair_description/include) by extension 'colcon_meta'
[0.470s] Level 1:colcon.colcon_core.package_identification:_identify(src/Smart-Wheelchair/smart_wheelchair_description/include) by extensions ['ros']
[0.470s] Level 1:colcon.colcon_core.package_identification:_identify(src/Smart-Wheelchair/smart_wheelchair_description/include) by extension 'ros'
[0.470s] Level 1:colcon.colcon_core.package_identification:_identify(src/Smart-Wheelchair/smart_wheelchair_description/include) by extensions ['cmake', 'python']
[0.470s] Level 1:colcon.colcon_core.package_identification:_identify(src/Smart-Wheelchair/smart_wheelchair_description/include) by extension 'cmake'
[0.470s] Level 1:colcon.colcon_core.package_identification:_identify(src/Smart-Wheelchair/smart_wheelchair_description/include) by extension 'python'
[0.470s] Level 1:colcon.colcon_core.package_identification:_identify(src/Smart-Wheelchair/smart_wheelchair_description/include) by extensions ['python_setup_py']
[0.470s] Level 1:colcon.colcon_core.package_identification:_identify(src/Smart-Wheelchair/smart_wheelchair_description/include) by extension 'python_setup_py'
[0.470s] Level 1:colcon.colcon_core.package_identification:_identify(src/Smart-Wheelchair/smart_wheelchair_description/include/smart_wheelchair_description) by extensions ['ignore', 'ignore_ament_install']
[0.470s] Level 1:colcon.colcon_core.package_identification:_identify(src/Smart-Wheelchair/smart_wheelchair_description/include/smart_wheelchair_description) by extension 'ignore'
[0.470s] Level 1:colcon.colcon_core.package_identification:_identify(src/Smart-Wheelchair/smart_wheelchair_description/include/smart_wheelchair_description) by extension 'ignore_ament_install'
[0.470s] Level 1:colcon.colcon_core.package_identification:_identify(src/Smart-Wheelchair/smart_wheelchair_description/include/smart_wheelchair_description) by extensions ['colcon_pkg']
[0.470s] Level 1:colcon.colcon_core.package_identification:_identify(src/Smart-Wheelchair/smart_wheelchair_description/include/smart_wheelchair_description) by extension 'colcon_pkg'
[0.470s] Level 1:colcon.colcon_core.package_identification:_identify(src/Smart-Wheelchair/smart_wheelchair_description/include/smart_wheelchair_description) by extensions ['colcon_meta']
[0.470s] Level 1:colcon.colcon_core.package_identification:_identify(src/Smart-Wheelchair/smart_wheelchair_description/include/smart_wheelchair_description) by extension 'colcon_meta'
[0.470s] Level 1:colcon.colcon_core.package_identification:_identify(src/Smart-Wheelchair/smart_wheelchair_description/include/smart_wheelchair_description) by extensions ['ros']
[0.470s] Level 1:colcon.colcon_core.package_identification:_identify(src/Smart-Wheelchair/smart_wheelchair_description/include/smart_wheelchair_description) by extension 'ros'
[0.471s] Level 1:colcon.colcon_core.package_identification:_identify(src/Smart-Wheelchair/smart_wheelchair_description/include/smart_wheelchair_description) by extensions ['cmake', 'python']
[0.471s] Level 1:colcon.colcon_core.package_identification:_identify(src/Smart-Wheelchair/smart_wheelchair_description/include/smart_wheelchair_description) by extension 'cmake'
[0.471s] Level 1:colcon.colcon_core.package_identification:_identify(src/Smart-Wheelchair/smart_wheelchair_description/include/smart_wheelchair_description) by extension 'python'
[0.471s] Level 1:colcon.colcon_core.package_identification:_identify(src/Smart-Wheelchair/smart_wheelchair_description/include/smart_wheelchair_description) by extensions ['python_setup_py']
[0.471s] Level 1:colcon.colcon_core.package_identification:_identify(src/Smart-Wheelchair/smart_wheelchair_description/include/smart_wheelchair_description) by extension 'python_setup_py'
[0.471s] Level 1:colcon.colcon_core.package_identification:_identify(src/Smart-Wheelchair/smart_wheelchair_description/src) by extensions ['ignore', 'ignore_ament_install']
[0.471s] Level 1:colcon.colcon_core.package_identification:_identify(src/Smart-Wheelchair/smart_wheelchair_description/src) by extension 'ignore'
[0.471s] Level 1:colcon.colcon_core.package_identification:_identify(src/Smart-Wheelchair/smart_wheelchair_description/src) by extension 'ignore_ament_install'
[0.471s] Level 1:colcon.colcon_core.package_identification:_identify(src/Smart-Wheelchair/smart_wheelchair_description/src) by extensions ['colcon_pkg']
[0.471s] Level 1:colcon.colcon_core.package_identification:_identify(src/Smart-Wheelchair/smart_wheelchair_description/src) by extension 'colcon_pkg'
[0.471s] Level 1:colcon.colcon_core.package_identification:_identify(src/Smart-Wheelchair/smart_wheelchair_description/src) by extensions ['colcon_meta']
[0.471s] Level 1:colcon.colcon_core.package_identification:_identify(src/Smart-Wheelchair/smart_wheelchair_description/src) by extension 'colcon_meta'
[0.471s] Level 1:colcon.colcon_core.package_identification:_identify(src/Smart-Wheelchair/smart_wheelchair_description/src) by extensions ['ros']
[0.471s] Level 1:colcon.colcon_core.package_identification:_identify(src/Smart-Wheelchair/smart_wheelchair_description/src) by extension 'ros'
[0.471s] Level 1:colcon.colcon_core.package_identification:_identify(src/Smart-Wheelchair/smart_wheelchair_description/src) by extensions ['cmake', 'python']
[0.471s] Level 1:colcon.colcon_core.package_identification:_identify(src/Smart-Wheelchair/smart_wheelchair_description/src) by extension 'cmake'
[0.471s] Level 1:colcon.colcon_core.package_identification:_identify(src/Smart-Wheelchair/smart_wheelchair_description/src) by extension 'python'
[0.471s] Level 1:colcon.colcon_core.package_identification:_identify(src/Smart-Wheelchair/smart_wheelchair_description/src) by extensions ['python_setup_py']
[0.471s] Level 1:colcon.colcon_core.package_identification:_identify(src/Smart-Wheelchair/smart_wheelchair_description/src) by extension 'python_setup_py'
[0.471s] Level 1:colcon.colcon_core.package_identification:_identify(src/smart_wheelchair_description) by extensions ['ignore', 'ignore_ament_install']
[0.471s] Level 1:colcon.colcon_core.package_identification:_identify(src/smart_wheelchair_description) by extension 'ignore'
[0.471s] Level 1:colcon.colcon_core.package_identification:_identify(src/smart_wheelchair_description) by extension 'ignore_ament_install'
[0.471s] Level 1:colcon.colcon_core.package_identification:_identify(src/smart_wheelchair_description) by extensions ['colcon_pkg']
[0.471s] Level 1:colcon.colcon_core.package_identification:_identify(src/smart_wheelchair_description) by extension 'colcon_pkg'
[0.471s] Level 1:colcon.colcon_core.package_identification:_identify(src/smart_wheelchair_description) by extensions ['colcon_meta']
[0.471s] Level 1:colcon.colcon_core.package_identification:_identify(src/smart_wheelchair_description) by extension 'colcon_meta'
[0.471s] Level 1:colcon.colcon_core.package_identification:_identify(src/smart_wheelchair_description) by extensions ['ros']
[0.471s] Level 1:colcon.colcon_core.package_identification:_identify(src/smart_wheelchair_description) by extension 'ros'
[0.474s] DEBUG:colcon.colcon_core.package_identification:Package 'src/smart_wheelchair_description' with type 'ros.ament_cmake' and name 'smart_wheelchair_description'
[0.474s] Level 1:colcon.colcon_core.package_identification:_identify(src/smart_wheelchair_navigation) by extensions ['ignore', 'ignore_ament_install']
[0.474s] Level 1:colcon.colcon_core.package_identification:_identify(src/smart_wheelchair_navigation) by extension 'ignore'
[0.474s] Level 1:colcon.colcon_core.package_identification:_identify(src/smart_wheelchair_navigation) by extension 'ignore_ament_install'
[0.474s] Level 1:colcon.colcon_core.package_identification:_identify(src/smart_wheelchair_navigation) by extensions ['colcon_pkg']
[0.474s] Level 1:colcon.colcon_core.package_identification:_identify(src/smart_wheelchair_navigation) by extension 'colcon_pkg'
[0.474s] Level 1:colcon.colcon_core.package_identification:_identify(src/smart_wheelchair_navigation) by extensions ['colcon_meta']
[0.474s] Level 1:colcon.colcon_core.package_identification:_identify(src/smart_wheelchair_navigation) by extension 'colcon_meta'
[0.474s] Level 1:colcon.colcon_core.package_identification:_identify(src/smart_wheelchair_navigation) by extensions ['ros']
[0.474s] Level 1:colcon.colcon_core.package_identification:_identify(src/smart_wheelchair_navigation) by extension 'ros'
[0.474s] DEBUG:colcon.colcon_core.package_identification:Package 'src/smart_wheelchair_navigation' with type 'ros.ament_cmake' and name 'smart_wheelchair_navigation'
[0.475s] Level 1:colcon.colcon_core.package_discovery:discover_packages(recursive) using defaults
[0.475s] Level 1:colcon.colcon_core.package_discovery:discover_packages(ignore) discover
[0.475s] Level 1:colcon.colcon_core.package_discovery:discover_packages(ignore) using defaults
[0.475s] Level 1:colcon.colcon_core.package_discovery:discover_packages(path) discover
[0.475s] Level 1:colcon.colcon_core.package_discovery:discover_packages(path) using defaults
[0.492s] Level 1:colcon.colcon_core.package_discovery:discover_packages(prefix_path) check parameters
[0.492s] Level 1:colcon.colcon_core.package_discovery:discover_packages(prefix_path) discover
[0.494s] DEBUG:colcon.colcon_installed_package_information.package_discovery:Found 284 installed packages in /opt/ros/humble
[0.496s] Level 1:colcon.colcon_core.package_discovery:discover_packages(prefix_path) using defaults
[0.533s] Level 5:colcon.colcon_core.verb:set package 'smart_wheelchair_description' build argument 'cmake_args' from command line to 'None'
[0.533s] Level 5:colcon.colcon_core.verb:set package 'smart_wheelchair_description' build argument 'cmake_target' from command line to 'None'
[0.533s] Level 5:colcon.colcon_core.verb:set package 'smart_wheelchair_description' build argument 'cmake_target_skip_unavailable' from command line to 'False'
[0.533s] Level 5:colcon.colcon_core.verb:set package 'smart_wheelchair_description' build argument 'cmake_clean_cache' from command line to 'False'
[0.533s] Level 5:colcon.colcon_core.verb:set package 'smart_wheelchair_description' build argument 'cmake_clean_first' from command line to 'False'
[0.533s] Level 5:colcon.colcon_core.verb:set package 'smart_wheelchair_description' build argument 'cmake_force_configure' from command line to 'False'
[0.533s] Level 5:colcon.colcon_core.verb:set package 'smart_wheelchair_description' build argument 'ament_cmake_args' from command line to 'None'
[0.533s] Level 5:colcon.colcon_core.verb:set package 'smart_wheelchair_description' build argument 'catkin_cmake_args' from command line to 'None'
[0.533s] Level 5:colcon.colcon_core.verb:set package 'smart_wheelchair_description' build argument 'catkin_skip_building_tests' from command line to 'False'
[0.533s] DEBUG:colcon.colcon_core.verb:Building package 'smart_wheelchair_description' with the following arguments: {'ament_cmake_args': None, 'build_base': '/home/cambitzero/wheelchair_ws/build/smart_wheelchair_description', 'catkin_cmake_args': None, 'catkin_skip_building_tests': False, 'cmake_args': None, 'cmake_clean_cache': False, 'cmake_clean_first': False, 'cmake_force_configure': False, 'cmake_target': None, 'cmake_target_skip_unavailable': False, 'install_base': '/home/cambitzero/wheelchair_ws/install/smart_wheelchair_description', 'merge_install': False, 'path': '/home/cambitzero/wheelchair_ws/src/smart_wheelchair_description', 'symlink_install': True, 'test_result_base': None}
[0.534s] Level 5:colcon.colcon_core.verb:set package 'smart_wheelchair_navigation' build argument 'cmake_args' from command line to 'None'
[0.534s] Level 5:colcon.colcon_core.verb:set package 'smart_wheelchair_navigation' build argument 'cmake_target' from command line to 'None'
[0.534s] Level 5:colcon.colcon_core.verb:set package 'smart_wheelchair_navigation' build argument 'cmake_target_skip_unavailable' from command line to 'False'
[0.534s] Level 5:colcon.colcon_core.verb:set package 'smart_wheelchair_navigation' build argument 'cmake_clean_cache' from command line to 'False'
[0.534s] Level 5:colcon.colcon_core.verb:set package 'smart_wheelchair_navigation' build argument 'cmake_clean_first' from command line to 'False'
[0.534s] Level 5:colcon.colcon_core.verb:set package 'smart_wheelchair_navigation' build argument 'cmake_force_configure' from command line to 'False'
[0.534s] Level 5:colcon.colcon_core.verb:set package 'smart_wheelchair_navigation' build argument 'ament_cmake_args' from command line to 'None'
[0.534s] Level 5:colcon.colcon_core.verb:set package 'smart_wheelchair_navigation' build argument 'catkin_cmake_args' from command line to 'None'
[0.534s] Level 5:colcon.colcon_core.verb:set package 'smart_wheelchair_navigation' build argument 'catkin_skip_building_tests' from command line to 'False'
[0.534s] DEBUG:colcon.colcon_core.verb:Building package 'smart_wheelchair_navigation' with the following arguments: {'ament_cmake_args': None, 'build_base': '/home/cambitzero/wheelchair_ws/build/smart_wheelchair_navigation', 'catkin_cmake_args': None, 'catkin_skip_building_tests': False, 'cmake_args': None, 'cmake_clean_cache': False, 'cmake_clean_first': False, 'cmake_force_configure': False, 'cmake_target': None, 'cmake_target_skip_unavailable': False, 'install_base': '/home/cambitzero/wheelchair_ws/install/smart_wheelchair_navigation', 'merge_install': False, 'path': '/home/cambitzero/wheelchair_ws/src/smart_wheelchair_navigation', 'symlink_install': True, 'test_result_base': None}
[0.534s] INFO:colcon.colcon_core.executor:Executing jobs using 'parallel' executor
[0.535s] DEBUG:colcon.colcon_parallel_executor.executor.parallel:run_until_complete
[0.535s] INFO:colcon.colcon_ros.task.ament_cmake.build:Building ROS package in '/home/cambitzero/wheelchair_ws/src/smart_wheelchair_description' with build type 'ament_cmake'
[0.536s] INFO:colcon.colcon_cmake.task.cmake.build:Building CMake package in '/home/cambitzero/wheelchair_ws/src/smart_wheelchair_description'
[0.538s] INFO:colcon.colcon_core.plugin_system:Skipping extension 'colcon_core.shell.bat': Not used on non-Windows systems
[0.539s] INFO:colcon.colcon_core.shell:Skip shell extension 'powershell' for command environment: Not usable outside of PowerShell
[0.539s] DEBUG:colcon.colcon_core.shell:Skip shell extension 'dsv' for command environment
[0.562s] DEBUG:colcon.colcon_core.event_handler.log_command:Invoking command in '/home/cambitzero/wheelchair_ws/build/smart_wheelchair_description': CMAKE_PREFIX_PATH=/opt/ros/humble /usr/bin/cmake --build /home/cambitzero/wheelchair_ws/build/smart_wheelchair_description -- -j6 -l6
[0.761s] DEBUG:colcon.colcon_core.event_handler.log_command:Invoked command in '/home/cambitzero/wheelchair_ws/build/smart_wheelchair_description' returned '0': CMAKE_PREFIX_PATH=/opt/ros/humble /usr/bin/cmake --build /home/cambitzero/wheelchair_ws/build/smart_wheelchair_description -- -j6 -l6
[0.817s] DEBUG:colcon.colcon_core.event_handler.log_command:Invoking command in '/home/cambitzero/wheelchair_ws/build/smart_wheelchair_description': CMAKE_PREFIX_PATH=/opt/ros/humble /usr/bin/cmake --install /home/cambitzero/wheelchair_ws/build/smart_wheelchair_description
[0.944s] Level 1:colcon.colcon_core.environment:create_environment_scripts_only(smart_wheelchair_description)
[0.953s] DEBUG:colcon.colcon_core.event_handler.log_command:Invoked command in '/home/cambitzero/wheelchair_ws/build/smart_wheelchair_description' returned '0': CMAKE_PREFIX_PATH=/opt/ros/humble /usr/bin/cmake --install /home/cambitzero/wheelchair_ws/build/smart_wheelchair_description
[0.955s] Level 1:colcon.colcon_core.environment:checking '/home/cambitzero/wheelchair_ws/install/smart_wheelchair_description' for CMake module files
[0.956s] Level 1:colcon.colcon_core.environment:checking '/home/cambitzero/wheelchair_ws/install/smart_wheelchair_description' for CMake config files
[0.957s] Level 1:colcon.colcon_core.shell:create_environment_hook('smart_wheelchair_description', 'cmake_prefix_path')
[0.957s] INFO:colcon.colcon_core.shell:Creating environment hook '/home/cambitzero/wheelchair_ws/install/smart_wheelchair_description/share/smart_wheelchair_description/hook/cmake_prefix_path.ps1'
[0.958s] INFO:colcon.colcon_core.shell:Creating environment descriptor '/home/cambitzero/wheelchair_ws/install/smart_wheelchair_description/share/smart_wheelchair_description/hook/cmake_prefix_path.dsv'
[0.958s] INFO:colcon.colcon_core.shell:Creating environment hook '/home/cambitzero/wheelchair_ws/install/smart_wheelchair_description/share/smart_wheelchair_description/hook/cmake_prefix_path.sh'
[0.960s] Level 1:colcon.colcon_core.environment:checking '/home/cambitzero/wheelchair_ws/install/smart_wheelchair_description/bin'
[0.961s] Level 1:colcon.colcon_core.environment:checking '/home/cambitzero/wheelchair_ws/install/smart_wheelchair_description/lib/pkgconfig/smart_wheelchair_description.pc'
[0.961s] Level 1:colcon.colcon_core.environment:checking '/home/cambitzero/wheelchair_ws/install/smart_wheelchair_description/lib/python3.10/site-packages'
[0.962s] Level 1:colcon.colcon_core.environment:checking '/home/cambitzero/wheelchair_ws/install/smart_wheelchair_description/bin'
[0.962s] INFO:colcon.colcon_core.shell:Creating package script '/home/cambitzero/wheelchair_ws/install/smart_wheelchair_description/share/smart_wheelchair_description/package.ps1'
[0.965s] INFO:colcon.colcon_core.shell:Creating package descriptor '/home/cambitzero/wheelchair_ws/install/smart_wheelchair_description/share/smart_wheelchair_description/package.dsv'
[0.965s] INFO:colcon.colcon_core.shell:Creating package script '/home/cambitzero/wheelchair_ws/install/smart_wheelchair_description/share/smart_wheelchair_description/package.sh'
[0.977s] INFO:colcon.colcon_core.shell:Creating package script '/home/cambitzero/wheelchair_ws/install/smart_wheelchair_description/share/smart_wheelchair_description/package.bash'
[0.980s] INFO:colcon.colcon_core.shell:Creating package script '/home/cambitzero/wheelchair_ws/install/smart_wheelchair_description/share/smart_wheelchair_description/package.zsh'
[0.983s] Level 1:colcon.colcon_core.environment:create_file_with_runtime_dependencies(/home/cambitzero/wheelchair_ws/install/smart_wheelchair_description/share/colcon-core/packages/smart_wheelchair_description)
[0.994s] Level 1:colcon.colcon_core.environment:create_environment_scripts_only(smart_wheelchair_description)
[0.996s] Level 1:colcon.colcon_core.environment:checking '/home/cambitzero/wheelchair_ws/install/smart_wheelchair_description' for CMake module files
[0.996s] Level 1:colcon.colcon_core.environment:checking '/home/cambitzero/wheelchair_ws/install/smart_wheelchair_description' for CMake config files
[0.996s] Level 1:colcon.colcon_core.shell:create_environment_hook('smart_wheelchair_description', 'cmake_prefix_path')
[0.997s] INFO:colcon.colcon_core.shell:Creating environment hook '/home/cambitzero/wheelchair_ws/install/smart_wheelchair_description/share/smart_wheelchair_description/hook/cmake_prefix_path.ps1'
[0.997s] INFO:colcon.colcon_core.shell:Creating environment descriptor '/home/cambitzero/wheelchair_ws/install/smart_wheelchair_description/share/smart_wheelchair_description/hook/cmake_prefix_path.dsv'
[0.998s] INFO:colcon.colcon_core.shell:Creating environment hook '/home/cambitzero/wheelchair_ws/install/smart_wheelchair_description/share/smart_wheelchair_description/hook/cmake_prefix_path.sh'
[1.000s] Level 1:colcon.colcon_core.environment:checking '/home/cambitzero/wheelchair_ws/install/smart_wheelchair_description/bin'
[1.000s] Level 1:colcon.colcon_core.environment:checking '/home/cambitzero/wheelchair_ws/install/smart_wheelchair_description/lib/pkgconfig/smart_wheelchair_description.pc'
[1.000s] Level 1:colcon.colcon_core.environment:checking '/home/cambitzero/wheelchair_ws/install/smart_wheelchair_description/lib/python3.10/site-packages'
[1.001s] Level 1:colcon.colcon_core.environment:checking '/home/cambitzero/wheelchair_ws/install/smart_wheelchair_description/bin'
[1.001s] INFO:colcon.colcon_core.shell:Creating package script '/home/cambitzero/wheelchair_ws/install/smart_wheelchair_description/share/smart_wheelchair_description/package.ps1'
[1.002s] INFO:colcon.colcon_core.shell:Creating package descriptor '/home/cambitzero/wheelchair_ws/install/smart_wheelchair_description/share/smart_wheelchair_description/package.dsv'
[1.002s] INFO:colcon.colcon_core.shell:Creating package script '/home/cambitzero/wheelchair_ws/install/smart_wheelchair_description/share/smart_wheelchair_description/package.sh'
[1.004s] INFO:colcon.colcon_core.shell:Creating package script '/home/cambitzero/wheelchair_ws/install/smart_wheelchair_description/share/smart_wheelchair_description/package.bash'
[1.004s] INFO:colcon.colcon_core.shell:Creating package script '/home/cambitzero/wheelchair_ws/install/smart_wheelchair_description/share/smart_wheelchair_description/package.zsh'
[1.005s] Level 1:colcon.colcon_core.environment:create_file_with_runtime_dependencies(/home/cambitzero/wheelchair_ws/install/smart_wheelchair_description/share/colcon-core/packages/smart_wheelchair_description)
[1.007s] INFO:colcon.colcon_ros.task.ament_cmake.build:Building ROS package in '/home/cambitzero/wheelchair_ws/src/smart_wheelchair_navigation' with build type 'ament_cmake'
[1.007s] INFO:colcon.colcon_cmake.task.cmake.build:Building CMake package in '/home/cambitzero/wheelchair_ws/src/smart_wheelchair_navigation'
[1.008s] INFO:colcon.colcon_core.shell:Skip shell extension 'powershell' for command environment: Not usable outside of PowerShell
[1.008s] DEBUG:colcon.colcon_core.shell:Skip shell extension 'dsv' for command environment
[1.097s] DEBUG:colcon.colcon_core.event_handler.log_command:Invoking command in '/home/cambitzero/wheelchair_ws/build/smart_wheelchair_navigation': AMENT_PREFIX_PATH=/home/cambitzero/wheelchair_ws/install/smart_wheelchair_description:${AMENT_PREFIX_PATH} CMAKE_PREFIX_PATH=/home/cambitzero/wheelchair_ws/install/smart_wheelchair_description:/opt/ros/humble /usr/bin/cmake --build /home/cambitzero/wheelchair_ws/build/smart_wheelchair_navigation -- -j6 -l6
[1.316s] DEBUG:colcon.colcon_core.event_handler.log_command:Invoked command in '/home/cambitzero/wheelchair_ws/build/smart_wheelchair_navigation' returned '0': AMENT_PREFIX_PATH=/home/cambitzero/wheelchair_ws/install/smart_wheelchair_description:${AMENT_PREFIX_PATH} CMAKE_PREFIX_PATH=/home/cambitzero/wheelchair_ws/install/smart_wheelchair_description:/opt/ros/humble /usr/bin/cmake --build /home/cambitzero/wheelchair_ws/build/smart_wheelchair_navigation -- -j6 -l6
[1.319s] DEBUG:colcon.colcon_core.event_handler.log_command:Invoking command in '/home/cambitzero/wheelchair_ws/build/smart_wheelchair_navigation': AMENT_PREFIX_PATH=/home/cambitzero/wheelchair_ws/install/smart_wheelchair_description:${AMENT_PREFIX_PATH} CMAKE_PREFIX_PATH=/home/cambitzero/wheelchair_ws/install/smart_wheelchair_description:/opt/ros/humble /usr/bin/cmake --install /home/cambitzero/wheelchair_ws/build/smart_wheelchair_navigation
[1.420s] Level 1:colcon.colcon_core.environment:create_environment_scripts_only(smart_wheelchair_navigation)
[1.428s] DEBUG:colcon.colcon_core.event_handler.log_command:Invoked command in '/home/cambitzero/wheelchair_ws/build/smart_wheelchair_navigation' returned '0': AMENT_PREFIX_PATH=/home/cambitzero/wheelchair_ws/install/smart_wheelchair_description:${AMENT_PREFIX_PATH} CMAKE_PREFIX_PATH=/home/cambitzero/wheelchair_ws/install/smart_wheelchair_description:/opt/ros/humble /usr/bin/cmake --install /home/cambitzero/wheelchair_ws/build/smart_wheelchair_navigation
[1.435s] Level 1:colcon.colcon_core.environment:checking '/home/cambitzero/wheelchair_ws/install/smart_wheelchair_navigation' for CMake module files
[1.436s] Level 1:colcon.colcon_core.environment:checking '/home/cambitzero/wheelchair_ws/install/smart_wheelchair_navigation' for CMake config files
[1.436s] Level 1:colcon.colcon_core.shell:create_environment_hook('smart_wheelchair_navigation', 'cmake_prefix_path')
[1.437s] INFO:colcon.colcon_core.shell:Creating environment hook '/home/cambitzero/wheelchair_ws/install/smart_wheelchair_navigation/share/smart_wheelchair_navigation/hook/cmake_prefix_path.ps1'
[1.437s] INFO:colcon.colcon_core.shell:Creating environment descriptor '/home/cambitzero/wheelchair_ws/install/smart_wheelchair_navigation/share/smart_wheelchair_navigation/hook/cmake_prefix_path.dsv'
[1.438s] INFO:colcon.colcon_core.shell:Creating environment hook '/home/cambitzero/wheelchair_ws/install/smart_wheelchair_navigation/share/smart_wheelchair_navigation/hook/cmake_prefix_path.sh'
[1.441s] Level 1:colcon.colcon_core.environment:checking '/home/cambitzero/wheelchair_ws/install/smart_wheelchair_navigation/bin'
[1.441s] Level 1:colcon.colcon_core.environment:checking '/home/cambitzero/wheelchair_ws/install/smart_wheelchair_navigation/lib/pkgconfig/smart_wheelchair_navigation.pc'
[1.441s] Level 1:colcon.colcon_core.environment:checking '/home/cambitzero/wheelchair_ws/install/smart_wheelchair_navigation/lib/python3.10/site-packages'
[1.442s] Level 1:colcon.colcon_core.environment:checking '/home/cambitzero/wheelchair_ws/install/smart_wheelchair_navigation/bin'
[1.442s] INFO:colcon.colcon_core.shell:Creating package script '/home/cambitzero/wheelchair_ws/install/smart_wheelchair_navigation/share/smart_wheelchair_navigation/package.ps1'
[1.442s] INFO:colcon.colcon_core.shell:Creating package descriptor '/home/cambitzero/wheelchair_ws/install/smart_wheelchair_navigation/share/smart_wheelchair_navigation/package.dsv'
[1.443s] INFO:colcon.colcon_core.shell:Creating package script '/home/cambitzero/wheelchair_ws/install/smart_wheelchair_navigation/share/smart_wheelchair_navigation/package.sh'
[1.453s] INFO:colcon.colcon_core.shell:Creating package script '/home/cambitzero/wheelchair_ws/install/smart_wheelchair_navigation/share/smart_wheelchair_navigation/package.bash'
[1.462s] INFO:colcon.colcon_core.shell:Creating package script '/home/cambitzero/wheelchair_ws/install/smart_wheelchair_navigation/share/smart_wheelchair_navigation/package.zsh'
[1.463s] Level 1:colcon.colcon_core.environment:create_file_with_runtime_dependencies(/home/cambitzero/wheelchair_ws/install/smart_wheelchair_navigation/share/colcon-core/packages/smart_wheelchair_navigation)
[1.470s] Level 1:colcon.colcon_core.environment:create_environment_scripts_only(smart_wheelchair_navigation)
[1.470s] Level 1:colcon.colcon_core.environment:checking '/home/cambitzero/wheelchair_ws/install/smart_wheelchair_navigation' for CMake module files
[1.472s] Level 1:colcon.colcon_core.environment:checking '/home/cambitzero/wheelchair_ws/install/smart_wheelchair_navigation' for CMake config files
[1.472s] Level 1:colcon.colcon_core.shell:create_environment_hook('smart_wheelchair_navigation', 'cmake_prefix_path')
[1.473s] INFO:colcon.colcon_core.shell:Creating environment hook '/home/cambitzero/wheelchair_ws/install/smart_wheelchair_navigation/share/smart_wheelchair_navigation/hook/cmake_prefix_path.ps1'
[1.473s] INFO:colcon.colcon_core.shell:Creating environment descriptor '/home/cambitzero/wheelchair_ws/install/smart_wheelchair_navigation/share/smart_wheelchair_navigation/hook/cmake_prefix_path.dsv'
[1.489s] INFO:colcon.colcon_core.shell:Creating environment hook '/home/cambitzero/wheelchair_ws/install/smart_wheelchair_navigation/share/smart_wheelchair_navigation/hook/cmake_prefix_path.sh'
[1.491s] Level 1:colcon.colcon_core.environment:checking '/home/cambitzero/wheelchair_ws/install/smart_wheelchair_navigation/bin'
[1.491s] Level 1:colcon.colcon_core.environment:checking '/home/cambitzero/wheelchair_ws/install/smart_wheelchair_navigation/lib/pkgconfig/smart_wheelchair_navigation.pc'
[1.491s] Level 1:colcon.colcon_core.environment:checking '/home/cambitzero/wheelchair_ws/install/smart_wheelchair_navigation/lib/python3.10/site-packages'
[1.491s] Level 1:colcon.colcon_core.environment:checking '/home/cambitzero/wheelchair_ws/install/smart_wheelchair_navigation/bin'
[1.492s] INFO:colcon.colcon_core.shell:Creating package script '/home/cambitzero/wheelchair_ws/install/smart_wheelchair_navigation/share/smart_wheelchair_navigation/package.ps1'
[1.492s] INFO:colcon.colcon_core.shell:Creating package descriptor '/home/cambitzero/wheelchair_ws/install/smart_wheelchair_navigation/share/smart_wheelchair_navigation/package.dsv'
[1.498s] INFO:colcon.colcon_core.shell:Creating package script '/home/cambitzero/wheelchair_ws/install/smart_wheelchair_navigation/share/smart_wheelchair_navigation/package.sh'
[1.501s] INFO:colcon.colcon_core.shell:Creating package script '/home/cambitzero/wheelchair_ws/install/smart_wheelchair_navigation/share/smart_wheelchair_navigation/package.bash'
[1.502s] INFO:colcon.colcon_core.shell:Creating package script '/home/cambitzero/wheelchair_ws/install/smart_wheelchair_navigation/share/smart_wheelchair_navigation/package.zsh'
[1.503s] Level 1:colcon.colcon_core.environment:create_file_with_runtime_dependencies(/home/cambitzero/wheelchair_ws/install/smart_wheelchair_navigation/share/colcon-core/packages/smart_wheelchair_navigation)
[1.513s] DEBUG:colcon.colcon_parallel_executor.executor.parallel:closing loop
[1.513s] DEBUG:colcon.colcon_parallel_executor.executor.parallel:loop closed
[1.513s] DEBUG:colcon.colcon_parallel_executor.executor.parallel:run_until_complete finished with '0'
[1.514s] DEBUG:colcon.colcon_core.event_reactor:joining thread
[1.535s] INFO:colcon.colcon_core.plugin_system:Skipping extension 'colcon_notification.desktop_notification.terminal_notifier': Not used on non-Darwin systems
[1.536s] INFO:colcon.colcon_core.plugin_system:Skipping extension 'colcon_notification.desktop_notification.win32': Not used on non-Windows systems
[1.536s] INFO:colcon.colcon_notification.desktop_notification:Sending desktop notification using 'notify2'
[1.594s] DEBUG:colcon.colcon_core.event_reactor:joined thread
[1.600s] INFO:colcon.colcon_core.shell:Creating prefix script '/home/cambitzero/wheelchair_ws/install/local_setup.ps1'
[1.603s] INFO:colcon.colcon_core.shell:Creating prefix util module '/home/cambitzero/wheelchair_ws/install/_local_setup_util_ps1.py'
[1.614s] INFO:colcon.colcon_core.shell:Creating prefix chain script '/home/cambitzero/wheelchair_ws/install/setup.ps1'
[1.615s] INFO:colcon.colcon_core.shell:Creating prefix script '/home/cambitzero/wheelchair_ws/install/local_setup.sh'
[1.624s] INFO:colcon.colcon_core.shell:Creating prefix util module '/home/cambitzero/wheelchair_ws/install/_local_setup_util_sh.py'
[1.625s] INFO:colcon.colcon_core.shell:Creating prefix chain script '/home/cambitzero/wheelchair_ws/install/setup.sh'
[1.627s] INFO:colcon.colcon_core.shell:Creating prefix script '/home/cambitzero/wheelchair_ws/install/local_setup.bash'
[1.628s] INFO:colcon.colcon_core.shell:Creating prefix chain script '/home/cambitzero/wheelchair_ws/install/setup.bash'
[1.629s] INFO:colcon.colcon_core.shell:Creating prefix script '/home/cambitzero/wheelchair_ws/install/local_setup.zsh'
[1.630s] INFO:colcon.colcon_core.shell:Creating prefix chain script '/home/cambitzero/wheelchair_ws/install/setup.zsh'
